<?xml version="1.0" encoding="UTF-8"?>
<coverage generated="1765919399773" clover="3.2.0">
  <project timestamp="1765919399773" name="All files">
    <metrics statements="31" coveredstatements="28" conditionals="30" coveredconditionals="27" methods="9" coveredmethods="9" elements="70" coveredelements="64" complexity="0" loc="31" ncloc="31" packages="2" files="3" classes="3"/>
    <package name="services">
      <metrics statements="11" coveredstatements="9" conditionals="8" coveredconditionals="6" methods="5" coveredmethods="5"/>
      <file name="itemService.js" path="C:\Users\user\CS316\my-first-project\services\itemService.js">
        <metrics statements="11" coveredstatements="9" conditionals="8" coveredconditionals="6" methods="5" coveredmethods="5"/>
        <line num="7" count="2" type="cond" truecount="1" falsecount="1"/>
        <line num="8" count="0" type="stmt"/>
        <line num="11" count="2" type="stmt"/>
        <line num="13" count="3" type="stmt"/>
        <line num="14" count="3" type="stmt"/>
        <line num="25" count="3" type="cond" truecount="1" falsecount="1"/>
        <line num="26" count="0" type="stmt"/>
        <line num="29" count="3" type="cond" truecount="4" falsecount="0"/>
        <line num="30" count="1" type="stmt"/>
        <line num="33" count="6" type="stmt"/>
        <line num="36" count="1" type="stmt"/>
      </file>
    </package>
    <package name="utils">
      <metrics statements="20" coveredstatements="19" conditionals="22" coveredconditionals="21" methods="4" coveredmethods="4"/>
      <file name="sum.js" path="C:\Users\user\CS316\my-first-project\utils\sum.js">
        <metrics statements="8" coveredstatements="7" conditionals="10" coveredconditionals="9" methods="1" coveredmethods="1"/>
        <line num="13" count="9" type="cond" truecount="2" falsecount="0"/>
        <line num="14" count="2" type="stmt"/>
        <line num="18" count="7" type="cond" truecount="4" falsecount="0"/>
        <line num="19" count="4" type="stmt"/>
        <line num="23" count="3" type="cond" truecount="3" falsecount="1"/>
        <line num="24" count="0" type="stmt"/>
        <line num="27" count="3" type="stmt"/>
        <line num="30" count="1" type="stmt"/>
      </file>
      <file name="validators.js" path="C:\Users\user\CS316\my-first-project\utils\validators.js">
        <metrics statements="12" coveredstatements="12" conditionals="12" coveredconditionals="12" methods="3" coveredmethods="3"/>
        <line num="7" count="8" type="cond" truecount="4" falsecount="0"/>
        <line num="8" count="3" type="stmt"/>
        <line num="11" count="5" type="stmt"/>
        <line num="12" count="5" type="stmt"/>
        <line num="21" count="5" type="cond" truecount="4" falsecount="0"/>
        <line num="22" count="1" type="stmt"/>
        <line num="25" count="4" type="stmt"/>
        <line num="26" count="4" type="stmt"/>
        <line num="35" count="6" type="cond" truecount="4" falsecount="0"/>
        <line num="36" count="2" type="stmt"/>
        <line num="39" count="4" type="stmt"/>
        <line num="42" count="1" type="stmt"/>
      </file>
    </package>
  </project>
</coverage>
