{"C:\\Users\\user\\CS316\\my-first-project\\.eslintrc.js": {"path":"C:\\Users\\user\\CS316\\my-first-project\\.eslintrc.js","statementMap":{"0":{"start":{"line":1,"column":0},"end":{"line":31,"column":2}}},"fnMap":{},"branchMap":{},"s":{"0":0},"f":{},"b":{}}
,"C:\\Users\\user\\CS316\\my-first-project\\server.js": {"path":"C:\\Users\\user\\CS316\\my-first-project\\server.js","statementMap":{"0":{"start":{"line":1,"column":16},"end":{"line":1,"column":34}},"1":{"start":{"line":2,"column":17},"end":{"line":2,"column":36}},"2":{"start":{"line":3,"column":13},"end":{"line":3,"column":28}},"3":{"start":{"line":4,"column":15},"end":{"line":4,"column":32}},"4":{"start":{"line":5,"column":18},"end":{"line":5,"column":47}},"5":{"start":{"line":6,"column":13},"end":{"line":6,"column":28}},"6":{"start":{"line":7,"column":0},"end":{"line":7,"column":27}},"7":{"start":{"line":9,"column":19},"end":{"line":9,"column":43}},"8":{"start":{"line":10,"column":19},"end":{"line":10,"column":44}},"9":{"start":{"line":11,"column":20},"end":{"line":11,"column":46}},"10":{"start":{"line":12,"column":19},"end":{"line":12,"column":43}},"11":{"start":{"line":13,"column":19},"end":{"line":13,"column":44}},"12":{"start":{"line":14,"column":21},"end":{"line":14,"column":48}},"13":{"start":{"line":15,"column":20},"end":{"line":15,"column":45}},"14":{"start":{"line":17,"column":12},"end":{"line":17,"column":21}},"15":{"start":{"line":20,"column":0},"end":{"line":47,"column":4}},"16":{"start":{"line":48,"column":0},"end":{"line":51,"column":4}},"17":{"start":{"line":54,"column":16},"end":{"line":57,"column":2}},"18":{"start":{"line":58,"column":0},"end":{"line":58,"column":25}},"19":{"start":{"line":61,"column":0},"end":{"line":61,"column":41}},"20":{"start":{"line":62,"column":0},"end":{"line":62,"column":63}},"21":{"start":{"line":65,"column":0},"end":{"line":65,"column":47}},"22":{"start":{"line":68,"column":0},"end":{"line":68,"column":44}},"23":{"start":{"line":71,"column":0},"end":{"line":73,"column":65}},"24":{"start":{"line":72,"column":14},"end":{"line":72,"column":49}},"25":{"start":{"line":73,"column":16},"end":{"line":73,"column":63}},"26":{"start":{"line":76,"column":0},"end":{"line":76,"column":33}},"27":{"start":{"line":77,"column":0},"end":{"line":77,"column":34}},"28":{"start":{"line":78,"column":0},"end":{"line":78,"column":36}},"29":{"start":{"line":79,"column":0},"end":{"line":79,"column":33}},"30":{"start":{"line":80,"column":0},"end":{"line":80,"column":34}},"31":{"start":{"line":81,"column":0},"end":{"line":81,"column":38}},"32":{"start":{"line":82,"column":0},"end":{"line":82,"column":35}},"33":{"start":{"line":85,"column":0},"end":{"line":87,"column":3}},"34":{"start":{"line":86,"column":2},"end":{"line":86,"column":71}},"35":{"start":{"line":90,"column":0},"end":{"line":96,"column":3}},"36":{"start":{"line":91,"column":2},"end":{"line":91,"column":23}},"37":{"start":{"line":92,"column":2},"end":{"line":95,"column":5}},"38":{"start":{"line":99,"column":0},"end":{"line":101,"column":3}},"39":{"start":{"line":100,"column":2},"end":{"line":100,"column":55}},"40":{"start":{"line":104,"column":0},"end":{"line":104,"column":21}},"41":{"start":{"line":107,"column":0},"end":{"line":112,"column":1}},"42":{"start":{"line":108,"column":15},"end":{"line":108,"column":39}},"43":{"start":{"line":109,"column":2},"end":{"line":111,"column":5}},"44":{"start":{"line":110,"column":4},"end":{"line":110,"column":50}}},"fnMap":{"0":{"name":"(anonymous_0)","decl":{"start":{"line":72,"column":8},"end":{"line":72,"column":9}},"loc":{"start":{"line":72,"column":14},"end":{"line":72,"column":49}},"line":72},"1":{"name":"(anonymous_1)","decl":{"start":{"line":73,"column":9},"end":{"line":73,"column":10}},"loc":{"start":{"line":73,"column":16},"end":{"line":73,"column":63}},"line":73},"2":{"name":"(anonymous_2)","decl":{"start":{"line":85,"column":13},"end":{"line":85,"column":14}},"loc":{"start":{"line":85,"column":27},"end":{"line":87,"column":1}},"line":85},"3":{"name":"(anonymous_3)","decl":{"start":{"line":90,"column":8},"end":{"line":90,"column":9}},"loc":{"start":{"line":90,"column":35},"end":{"line":96,"column":1}},"line":90},"4":{"name":"(anonymous_4)","decl":{"start":{"line":99,"column":8},"end":{"line":99,"column":9}},"loc":{"start":{"line":99,"column":22},"end":{"line":101,"column":1}},"line":99},"5":{"name":"(anonymous_5)","decl":{"start":{"line":109,"column":19},"end":{"line":109,"column":20}},"loc":{"start":{"line":109,"column":25},"end":{"line":111,"column":3}},"line":109}},"branchMap":{"0":{"loc":{"start":{"line":44,"column":31},"end":{"line":44,"column":80}},"type":"cond-expr","locations":[{"start":{"line":44,"column":71},"end":{"line":44,"column":73}},{"start":{"line":44,"column":76},"end":{"line":44,"column":80}}],"line":44},"1":{"loc":{"start":{"line":49,"column":10},"end":{"line":49,"column":152}},"type":"cond-expr","locations":[{"start":{"line":49,"column":50},"end":{"line":49,"column":74}},{"start":{"line":49,"column":77},"end":{"line":49,"column":152}}],"line":49},"2":{"loc":{"start":{"line":71,"column":17},"end":{"line":71,"column":87}},"type":"binary-expr","locations":[{"start":{"line":71,"column":17},"end":{"line":71,"column":40}},{"start":{"line":71,"column":44},"end":{"line":71,"column":87}}],"line":71},"3":{"loc":{"start":{"line":94,"column":11},"end":{"line":94,"column":70}},"type":"cond-expr","locations":[{"start":{"line":94,"column":52},"end":{"line":94,"column":65}},{"start":{"line":94,"column":68},"end":{"line":94,"column":70}}],"line":94},"4":{"loc":{"start":{"line":107,"column":0},"end":{"line":112,"column":1}},"type":"if","locations":[{"start":{"line":107,"column":0},"end":{"line":112,"column":1}},{"start":{},"end":{}}],"line":107},"5":{"loc":{"start":{"line":108,"column":15},"end":{"line":108,"column":39}},"type":"binary-expr","locations":[{"start":{"line":108,"column":15},"end":{"line":108,"column":31}},{"start":{"line":108,"column":35},"end":{"line":108,"column":39}}],"line":108}},"s":{"0":3,"1":3,"2":3,"3":3,"4":3,"5":3,"6":3,"7":3,"8":3,"9":3,"10":3,"11":3,"12":3,"13":3,"14":3,"15":3,"16":3,"17":3,"18":3,"19":3,"20":3,"21":3,"22":3,"23":3,"24":3,"25":0,"26":3,"27":3,"28":3,"29":3,"30":3,"31":3,"32":3,"33":3,"34":0,"35":3,"36":0,"37":0,"38":3,"39":0,"40":3,"41":3,"42":0,"43":0,"44":0},"f":{"0":3,"1":0,"2":0,"3":0,"4":0,"5":0},"b":{"0":[0,3],"1":[0,3],"2":[3,0],"3":[0,0],"4":[0,3],"5":[0,0]},"_coverageSchema":"1a1c01bbd47fc00a2c39e90264f33305004495a9","hash":"94997994eca935717abb54b251cb68ea639b342c"}
,"C:\\Users\\user\\CS316\\my-first-project\\middleware\\auth.js": {"path":"C:\\Users\\user\\CS316\\my-first-project\\middleware\\auth.js","statementMap":{"0":{"start":{"line":1,"column":12},"end":{"line":1,"column":35}},"1":{"start":{"line":2,"column":13},"end":{"line":2,"column":38}},"2":{"start":{"line":4,"column":13},"end":{"line":32,"column":1}},"3":{"start":{"line":5,"column":2},"end":{"line":31,"column":3}},"4":{"start":{"line":6,"column":18},"end":{"line":6,"column":69}},"5":{"start":{"line":8,"column":4},"end":{"line":10,"column":5}},"6":{"start":{"line":9,"column":6},"end":{"line":9,"column":81}},"7":{"start":{"line":12,"column":20},"end":{"line":12,"column":61}},"8":{"start":{"line":15,"column":17},"end":{"line":15,"column":72}},"9":{"start":{"line":16,"column":4},"end":{"line":18,"column":5}},"10":{"start":{"line":17,"column":6},"end":{"line":17,"column":69}},"11":{"start":{"line":21,"column":4},"end":{"line":23,"column":5}},"12":{"start":{"line":22,"column":6},"end":{"line":22,"column":81}},"13":{"start":{"line":25,"column":4},"end":{"line":25,"column":23}},"14":{"start":{"line":26,"column":4},"end":{"line":26,"column":23}},"15":{"start":{"line":27,"column":4},"end":{"line":27,"column":11}},"16":{"start":{"line":29,"column":4},"end":{"line":29,"column":51}},"17":{"start":{"line":30,"column":4},"end":{"line":30,"column":60}},"18":{"start":{"line":35,"column":18},"end":{"line":40,"column":1}},"19":{"start":{"line":36,"column":2},"end":{"line":38,"column":3}},"20":{"start":{"line":37,"column":4},"end":{"line":37,"column":70}},"21":{"start":{"line":39,"column":2},"end":{"line":39,"column":9}},"22":{"start":{"line":43,"column":21},"end":{"line":62,"column":1}},"23":{"start":{"line":44,"column":2},"end":{"line":61,"column":3}},"24":{"start":{"line":45,"column":18},"end":{"line":45,"column":69}},"25":{"start":{"line":47,"column":4},"end":{"line":55,"column":5}},"26":{"start":{"line":48,"column":22},"end":{"line":48,"column":63}},"27":{"start":{"line":49,"column":19},"end":{"line":49,"column":74}},"28":{"start":{"line":51,"column":6},"end":{"line":54,"column":7}},"29":{"start":{"line":52,"column":8},"end":{"line":52,"column":27}},"30":{"start":{"line":53,"column":8},"end":{"line":53,"column":27}},"31":{"start":{"line":57,"column":4},"end":{"line":57,"column":11}},"32":{"start":{"line":60,"column":4},"end":{"line":60,"column":11}},"33":{"start":{"line":64,"column":0},"end":{"line":64,"column":51}}},"fnMap":{"0":{"name":"(anonymous_0)","decl":{"start":{"line":4,"column":13},"end":{"line":4,"column":14}},"loc":{"start":{"line":4,"column":39},"end":{"line":32,"column":1}},"line":4},"1":{"name":"(anonymous_1)","decl":{"start":{"line":35,"column":18},"end":{"line":35,"column":19}},"loc":{"start":{"line":35,"column":38},"end":{"line":40,"column":1}},"line":35},"2":{"name":"(anonymous_2)","decl":{"start":{"line":43,"column":21},"end":{"line":43,"column":22}},"loc":{"start":{"line":43,"column":47},"end":{"line":62,"column":1}},"line":43}},"branchMap":{"0":{"loc":{"start":{"line":8,"column":4},"end":{"line":10,"column":5}},"type":"if","locations":[{"start":{"line":8,"column":4},"end":{"line":10,"column":5}},{"start":{},"end":{}}],"line":8},"1":{"loc":{"start":{"line":16,"column":4},"end":{"line":18,"column":5}},"type":"if","locations":[{"start":{"line":16,"column":4},"end":{"line":18,"column":5}},{"start":{},"end":{}}],"line":16},"2":{"loc":{"start":{"line":21,"column":4},"end":{"line":23,"column":5}},"type":"if","locations":[{"start":{"line":21,"column":4},"end":{"line":23,"column":5}},{"start":{},"end":{}}],"line":21},"3":{"loc":{"start":{"line":36,"column":2},"end":{"line":38,"column":3}},"type":"if","locations":[{"start":{"line":36,"column":2},"end":{"line":38,"column":3}},{"start":{},"end":{}}],"line":36},"4":{"loc":{"start":{"line":47,"column":4},"end":{"line":55,"column":5}},"type":"if","locations":[{"start":{"line":47,"column":4},"end":{"line":55,"column":5}},{"start":{},"end":{}}],"line":47},"5":{"loc":{"start":{"line":51,"column":6},"end":{"line":54,"column":7}},"type":"if","locations":[{"start":{"line":51,"column":6},"end":{"line":54,"column":7}},{"start":{},"end":{}}],"line":51},"6":{"loc":{"start":{"line":51,"column":10},"end":{"line":51,"column":42}},"type":"binary-expr","locations":[{"start":{"line":51,"column":10},"end":{"line":51,"column":14}},{"start":{"line":51,"column":18},"end":{"line":51,"column":42}}],"line":51}},"s":{"0":3,"1":3,"2":3,"3":10,"4":10,"5":10,"6":3,"7":7,"8":5,"9":5,"10":0,"11":5,"12":0,"13":5,"14":5,"15":5,"16":2,"17":2,"18":3,"19":0,"20":0,"21":0,"22":3,"23":0,"24":0,"25":0,"26":0,"27":0,"28":0,"29":0,"30":0,"31":0,"32":0,"33":3},"f":{"0":10,"1":0,"2":0},"b":{"0":[3,7],"1":[0,5],"2":[0,5],"3":[0,0],"4":[0,0],"5":[0,0],"6":[0,0]},"_coverageSchema":"1a1c01bbd47fc00a2c39e90264f33305004495a9","hash":"0841cc4aaa569a76e3b35a398323132a29eff629"}
,"C:\\Users\\user\\CS316\\my-first-project\\models\\Item.js": {"path":"C:\\Users\\user\\CS316\\my-first-project\\models\\Item.js","statementMap":{"0":{"start":{"line":1,"column":17},"end":{"line":1,"column":36}},"1":{"start":{"line":3,"column":19},"end":{"line":106,"column":2}},"2":{"start":{"line":101,"column":6},"end":{"line":101,"column":61}},"3":{"start":{"line":109,"column":0},"end":{"line":109,"column":57}},"4":{"start":{"line":110,"column":0},"end":{"line":110,"column":45}},"5":{"start":{"line":111,"column":0},"end":{"line":111,"column":65}},"6":{"start":{"line":112,"column":0},"end":{"line":112,"column":42}},"7":{"start":{"line":113,"column":0},"end":{"line":113,"column":36}},"8":{"start":{"line":115,"column":0},"end":{"line":115,"column":52}}},"fnMap":{"0":{"name":"(anonymous_0)","decl":{"start":{"line":100,"column":13},"end":{"line":100,"column":14}},"loc":{"start":{"line":100,"column":24},"end":{"line":102,"column":5}},"line":100}},"branchMap":{},"s":{"0":3,"1":3,"2":47,"3":3,"4":3,"5":3,"6":3,"7":3,"8":3},"f":{"0":47},"b":{},"_coverageSchema":"1a1c01bbd47fc00a2c39e90264f33305004495a9","hash":"3b2ba757c224567cfa6e32af333ed771b4eb7edf"}
,"C:\\Users\\user\\CS316\\my-first-project\\models\\Offer.js": {"path":"C:\\Users\\user\\CS316\\my-first-project\\models\\Offer.js","statementMap":{"0":{"start":{"line":1,"column":17},"end":{"line":1,"column":36}},"1":{"start":{"line":3,"column":20},"end":{"line":65,"column":2}},"2":{"start":{"line":60,"column":6},"end":{"line":60,"column":56}},"3":{"start":{"line":68,"column":0},"end":{"line":68,"column":42}},"4":{"start":{"line":69,"column":0},"end":{"line":69,"column":47}},"5":{"start":{"line":70,"column":0},"end":{"line":70,"column":47}},"6":{"start":{"line":71,"column":0},"end":{"line":71,"column":37}},"7":{"start":{"line":73,"column":0},"end":{"line":73,"column":54}}},"fnMap":{"0":{"name":"(anonymous_0)","decl":{"start":{"line":59,"column":13},"end":{"line":59,"column":14}},"loc":{"start":{"line":59,"column":24},"end":{"line":61,"column":5}},"line":59}},"branchMap":{},"s":{"0":3,"1":3,"2":0,"3":3,"4":3,"5":3,"6":3,"7":3},"f":{"0":0},"b":{},"_coverageSchema":"1a1c01bbd47fc00a2c39e90264f33305004495a9","hash":"40acd049279cc44508252e60e3f5124587f2d2a9"}
,"C:\\Users\\user\\CS316\\my-first-project\\models\\Report.js": {"path":"C:\\Users\\user\\CS316\\my-first-project\\models\\Report.js","statementMap":{"0":{"start":{"line":1,"column":17},"end":{"line":1,"column":36}},"1":{"start":{"line":3,"column":21},"end":{"line":71,"column":2}},"2":{"start":{"line":74,"column":0},"end":{"line":74,"column":49}},"3":{"start":{"line":75,"column":0},"end":{"line":75,"column":49}},"4":{"start":{"line":76,"column":0},"end":{"line":76,"column":51}},"5":{"start":{"line":78,"column":0},"end":{"line":78,"column":56}}},"fnMap":{},"branchMap":{},"s":{"0":3,"1":3,"2":3,"3":3,"4":3,"5":3},"f":{},"b":{},"_coverageSchema":"1a1c01bbd47fc00a2c39e90264f33305004495a9","hash":"140da9e140d14e63fc47d7722f820b8a04584c0b"}
,"C:\\Users\\user\\CS316\\my-first-project\\models\\User.js": {"path":"C:\\Users\\user\\CS316\\my-first-project\\models\\User.js","statementMap":{"0":{"start":{"line":1,"column":17},"end":{"line":1,"column":36}},"1":{"start":{"line":2,"column":15},"end":{"line":2,"column":34}},"2":{"start":{"line":4,"column":19},"end":{"line":86,"column":2}},"3":{"start":{"line":89,"column":0},"end":{"line":99,"column":3}},"4":{"start":{"line":90,"column":2},"end":{"line":90,"column":50}},"5":{"start":{"line":90,"column":36},"end":{"line":90,"column":50}},"6":{"start":{"line":92,"column":2},"end":{"line":98,"column":3}},"7":{"start":{"line":93,"column":17},"end":{"line":93,"column":41}},"8":{"start":{"line":94,"column":4},"end":{"line":94,"column":59}},"9":{"start":{"line":95,"column":4},"end":{"line":95,"column":11}},"10":{"start":{"line":97,"column":4},"end":{"line":97,"column":16}},"11":{"start":{"line":102,"column":0},"end":{"line":104,"column":2}},"12":{"start":{"line":103,"column":2},"end":{"line":103,"column":64}},"13":{"start":{"line":106,"column":0},"end":{"line":106,"column":52}}},"fnMap":{"0":{"name":"(anonymous_0)","decl":{"start":{"line":89,"column":23},"end":{"line":89,"column":24}},"loc":{"start":{"line":89,"column":44},"end":{"line":99,"column":1}},"line":89},"1":{"name":"(anonymous_1)","decl":{"start":{"line":102,"column":37},"end":{"line":102,"column":38}},"loc":{"start":{"line":102,"column":71},"end":{"line":104,"column":1}},"line":102}},"branchMap":{"0":{"loc":{"start":{"line":90,"column":2},"end":{"line":90,"column":50}},"type":"if","locations":[{"start":{"line":90,"column":2},"end":{"line":90,"column":50}},{"start":{},"end":{}}],"line":90}},"s":{"0":3,"1":3,"2":3,"3":3,"4":90,"5":1,"6":89,"7":89,"8":89,"9":89,"10":0,"11":3,"12":4,"13":3},"f":{"0":90,"1":4},"b":{"0":[1,89]},"_coverageSchema":"1a1c01bbd47fc00a2c39e90264f33305004495a9","hash":"0cfc5f3913f82d8d51351231a89e5d805135bec0"}
,"C:\\Users\\user\\CS316\\my-first-project\\models\\index.js": {"path":"C:\\Users\\user\\CS316\\my-first-project\\models\\index.js","statementMap":{"0":{"start":{"line":1,"column":17},"end":{"line":1,"column":36}},"1":{"start":{"line":4,"column":19},"end":{"line":42,"column":2}},"2":{"start":{"line":45,"column":23},"end":{"line":67,"column":2}},"3":{"start":{"line":70,"column":22},"end":{"line":85,"column":2}},"4":{"start":{"line":87,"column":13},"end":{"line":87,"column":47}},"5":{"start":{"line":88,"column":17},"end":{"line":88,"column":59}},"6":{"start":{"line":89,"column":16},"end":{"line":89,"column":56}},"7":{"start":{"line":91,"column":0},"end":{"line":91,"column":45}}},"fnMap":{},"branchMap":{},"s":{"0":3,"1":3,"2":3,"3":3,"4":3,"5":3,"6":3,"7":3},"f":{},"b":{},"_coverageSchema":"1a1c01bbd47fc00a2c39e90264f33305004495a9","hash":"ea2e4d025f54a88b58f23faf41ec3fded54ddbb3"}
,"C:\\Users\\user\\CS316\\my-first-project\\routes\\admin.js": {"path":"C:\\Users\\user\\CS316\\my-first-project\\routes\\admin.js","statementMap":{"0":{"start":{"line":1,"column":16},"end":{"line":1,"column":34}},"1":{"start":{"line":2,"column":42},"end":{"line":2,"column":70}},"2":{"start":{"line":3,"column":13},"end":{"line":3,"column":38}},"3":{"start":{"line":4,"column":13},"end":{"line":4,"column":38}},"4":{"start":{"line":5,"column":14},"end":{"line":5,"column":40}},"5":{"start":{"line":6,"column":15},"end":{"line":6,"column":42}},"6":{"start":{"line":7,"column":30},"end":{"line":7,"column":56}},"7":{"start":{"line":8,"column":28},"end":{"line":8,"column":57}},"8":{"start":{"line":9,"column":34},"end":{"line":9,"column":59}},"9":{"start":{"line":11,"column":15},"end":{"line":11,"column":31}},"10":{"start":{"line":14,"column":0},"end":{"line":14,"column":28}},"11":{"start":{"line":17,"column":0},"end":{"line":116,"column":3}},"12":{"start":{"line":18,"column":2},"end":{"line":115,"column":3}},"13":{"start":{"line":19,"column":16},"end":{"line":19,"column":26}},"14":{"start":{"line":20,"column":23},"end":{"line":20,"column":72}},"15":{"start":{"line":21,"column":24},"end":{"line":21,"column":74}},"16":{"start":{"line":32,"column":8},"end":{"line":40,"column":6}},"17":{"start":{"line":50,"column":8},"end":{"line":57,"column":6}},"18":{"start":{"line":60,"column":30},"end":{"line":65,"column":6}},"19":{"start":{"line":68,"column":28},"end":{"line":71,"column":62}},"20":{"start":{"line":74,"column":24},"end":{"line":78,"column":54}},"21":{"start":{"line":80,"column":25},"end":{"line":85,"column":48}},"22":{"start":{"line":87,"column":4},"end":{"line":111,"column":7}},"23":{"start":{"line":113,"column":4},"end":{"line":113,"column":55}},"24":{"start":{"line":114,"column":4},"end":{"line":114,"column":54}},"25":{"start":{"line":119,"column":0},"end":{"line":185,"column":3}},"26":{"start":{"line":126,"column":2},"end":{"line":184,"column":3}},"27":{"start":{"line":127,"column":19},"end":{"line":127,"column":40}},"28":{"start":{"line":128,"column":4},"end":{"line":133,"column":5}},"29":{"start":{"line":129,"column":6},"end":{"line":132,"column":9}},"30":{"start":{"line":135,"column":17},"end":{"line":135,"column":46}},"31":{"start":{"line":136,"column":18},"end":{"line":136,"column":49}},"32":{"start":{"line":137,"column":17},"end":{"line":137,"column":35}},"33":{"start":{"line":140,"column":19},"end":{"line":140,"column":21}},"34":{"start":{"line":141,"column":4},"end":{"line":141,"column":59}},"35":{"start":{"line":141,"column":26},"end":{"line":141,"column":59}},"36":{"start":{"line":142,"column":4},"end":{"line":147,"column":5}},"37":{"start":{"line":143,"column":6},"end":{"line":146,"column":8}},"38":{"start":{"line":150,"column":15},"end":{"line":150,"column":32}},"39":{"start":{"line":151,"column":4},"end":{"line":161,"column":5}},"40":{"start":{"line":153,"column":8},"end":{"line":153,"column":32}},"41":{"start":{"line":154,"column":8},"end":{"line":154,"column":14}},"42":{"start":{"line":156,"column":8},"end":{"line":156,"column":27}},"43":{"start":{"line":157,"column":8},"end":{"line":157,"column":14}},"44":{"start":{"line":159,"column":8},"end":{"line":159,"column":45}},"45":{"start":{"line":160,"column":8},"end":{"line":160,"column":14}},"46":{"start":{"line":163,"column":18},"end":{"line":167,"column":17}},"47":{"start":{"line":169,"column":18},"end":{"line":169,"column":51}},"48":{"start":{"line":171,"column":4},"end":{"line":180,"column":7}},"49":{"start":{"line":182,"column":4},"end":{"line":182,"column":45}},"50":{"start":{"line":183,"column":4},"end":{"line":183,"column":54}},"51":{"start":{"line":188,"column":0},"end":{"line":265,"column":3}},"52":{"start":{"line":192,"column":2},"end":{"line":264,"column":3}},"53":{"start":{"line":193,"column":19},"end":{"line":193,"column":40}},"54":{"start":{"line":194,"column":4},"end":{"line":199,"column":5}},"55":{"start":{"line":195,"column":6},"end":{"line":198,"column":9}},"56":{"start":{"line":201,"column":19},"end":{"line":201,"column":29}},"57":{"start":{"line":202,"column":31},"end":{"line":202,"column":39}},"58":{"start":{"line":204,"column":17},"end":{"line":204,"column":40}},"59":{"start":{"line":205,"column":4},"end":{"line":207,"column":5}},"60":{"start":{"line":206,"column":6},"end":{"line":206,"column":65}},"61":{"start":{"line":210,"column":4},"end":{"line":212,"column":5}},"62":{"start":{"line":211,"column":6},"end":{"line":211,"column":82}},"63":{"start":{"line":214,"column":22},"end":{"line":214,"column":33}},"64":{"start":{"line":215,"column":4},"end":{"line":215,"column":25}},"65":{"start":{"line":216,"column":4},"end":{"line":216,"column":22}},"66":{"start":{"line":219,"column":30},"end":{"line":219,"column":32}},"67":{"start":{"line":220,"column":18},"end":{"line":220,"column":20}},"68":{"start":{"line":222,"column":4},"end":{"line":237,"column":5}},"69":{"start":{"line":224,"column":8},"end":{"line":224,"column":38}},"70":{"start":{"line":225,"column":8},"end":{"line":225,"column":93}},"71":{"start":{"line":226,"column":8},"end":{"line":226,"column":14}},"72":{"start":{"line":228,"column":8},"end":{"line":228,"column":43}},"73":{"start":{"line":229,"column":8},"end":{"line":229,"column":61}},"74":{"start":{"line":230,"column":8},"end":{"line":230,"column":14}},"75":{"start":{"line":232,"column":8},"end":{"line":235,"column":9}},"76":{"start":{"line":233,"column":10},"end":{"line":233,"column":39}},"77":{"start":{"line":234,"column":10},"end":{"line":234,"column":101}},"78":{"start":{"line":236,"column":8},"end":{"line":236,"column":14}},"79":{"start":{"line":239,"column":4},"end":{"line":250,"column":5}},"80":{"start":{"line":240,"column":6},"end":{"line":249,"column":7}},"81":{"start":{"line":241,"column":8},"end":{"line":246,"column":10}},"82":{"start":{"line":248,"column":8},"end":{"line":248,"column":80}},"83":{"start":{"line":252,"column":4},"end":{"line":260,"column":7}},"84":{"start":{"line":262,"column":4},"end":{"line":262,"column":54}},"85":{"start":{"line":263,"column":4},"end":{"line":263,"column":54}},"86":{"start":{"line":268,"column":0},"end":{"line":330,"column":3}},"87":{"start":{"line":276,"column":2},"end":{"line":329,"column":3}},"88":{"start":{"line":277,"column":19},"end":{"line":277,"column":40}},"89":{"start":{"line":278,"column":4},"end":{"line":283,"column":5}},"90":{"start":{"line":279,"column":6},"end":{"line":282,"column":9}},"91":{"start":{"line":285,"column":17},"end":{"line":285,"column":46}},"92":{"start":{"line":286,"column":18},"end":{"line":286,"column":49}},"93":{"start":{"line":287,"column":17},"end":{"line":287,"column":35}},"94":{"start":{"line":290,"column":19},"end":{"line":290,"column":21}},"95":{"start":{"line":291,"column":4},"end":{"line":291,"column":59}},"96":{"start":{"line":291,"column":26},"end":{"line":291,"column":59}},"97":{"start":{"line":292,"column":4},"end":{"line":292,"column":65}},"98":{"start":{"line":292,"column":28},"end":{"line":292,"column":65}},"99":{"start":{"line":293,"column":4},"end":{"line":295,"column":5}},"100":{"start":{"line":294,"column":6},"end":{"line":294,"column":51}},"101":{"start":{"line":298,"column":15},"end":{"line":298,"column":32}},"102":{"start":{"line":299,"column":4},"end":{"line":306,"column":5}},"103":{"start":{"line":301,"column":8},"end":{"line":301,"column":32}},"104":{"start":{"line":302,"column":8},"end":{"line":302,"column":14}},"105":{"start":{"line":304,"column":8},"end":{"line":304,"column":44}},"106":{"start":{"line":305,"column":8},"end":{"line":305,"column":14}},"107":{"start":{"line":308,"column":18},"end":{"line":312,"column":17}},"108":{"start":{"line":314,"column":18},"end":{"line":314,"column":51}},"109":{"start":{"line":316,"column":4},"end":{"line":325,"column":7}},"110":{"start":{"line":327,"column":4},"end":{"line":327,"column":45}},"111":{"start":{"line":328,"column":4},"end":{"line":328,"column":54}},"112":{"start":{"line":333,"column":0},"end":{"line":366,"column":3}},"113":{"start":{"line":336,"column":2},"end":{"line":365,"column":3}},"114":{"start":{"line":337,"column":19},"end":{"line":337,"column":29}},"115":{"start":{"line":338,"column":23},"end":{"line":338,"column":31}},"116":{"start":{"line":340,"column":17},"end":{"line":340,"column":72}},"117":{"start":{"line":341,"column":4},"end":{"line":343,"column":5}},"118":{"start":{"line":342,"column":6},"end":{"line":342,"column":65}},"119":{"start":{"line":346,"column":4},"end":{"line":346,"column":28}},"120":{"start":{"line":347,"column":4},"end":{"line":347,"column":22}},"121":{"start":{"line":350,"column":4},"end":{"line":359,"column":5}},"122":{"start":{"line":351,"column":6},"end":{"line":356,"column":8}},"123":{"start":{"line":358,"column":6},"end":{"line":358,"column":77}},"124":{"start":{"line":361,"column":4},"end":{"line":361,"column":55}},"125":{"start":{"line":363,"column":4},"end":{"line":363,"column":47}},"126":{"start":{"line":364,"column":4},"end":{"line":364,"column":54}},"127":{"start":{"line":369,"column":0},"end":{"line":377,"column":3}},"128":{"start":{"line":370,"column":2},"end":{"line":376,"column":3}},"129":{"start":{"line":371,"column":23},"end":{"line":371,"column":76}},"130":{"start":{"line":372,"column":4},"end":{"line":372,"column":25}},"131":{"start":{"line":374,"column":4},"end":{"line":374,"column":50}},"132":{"start":{"line":375,"column":4},"end":{"line":375,"column":54}},"133":{"start":{"line":379,"column":0},"end":{"line":421,"column":3}},"134":{"start":{"line":386,"column":2},"end":{"line":420,"column":3}},"135":{"start":{"line":387,"column":19},"end":{"line":387,"column":40}},"136":{"start":{"line":388,"column":4},"end":{"line":393,"column":5}},"137":{"start":{"line":389,"column":6},"end":{"line":392,"column":9}},"138":{"start":{"line":395,"column":64},"end":{"line":395,"column":72}},"139":{"start":{"line":398,"column":29},"end":{"line":398,"column":61}},"140":{"start":{"line":399,"column":4},"end":{"line":401,"column":5}},"141":{"start":{"line":400,"column":6},"end":{"line":400,"column":79}},"142":{"start":{"line":403,"column":21},"end":{"line":409,"column":6}},"143":{"start":{"line":411,"column":4},"end":{"line":411,"column":26}},"144":{"start":{"line":413,"column":4},"end":{"line":416,"column":7}},"145":{"start":{"line":418,"column":4},"end":{"line":418,"column":51}},"146":{"start":{"line":419,"column":4},"end":{"line":419,"column":54}},"147":{"start":{"line":423,"column":0},"end":{"line":461,"column":3}},"148":{"start":{"line":431,"column":2},"end":{"line":460,"column":3}},"149":{"start":{"line":432,"column":19},"end":{"line":432,"column":40}},"150":{"start":{"line":433,"column":4},"end":{"line":438,"column":5}},"151":{"start":{"line":434,"column":6},"end":{"line":437,"column":9}},"152":{"start":{"line":440,"column":19},"end":{"line":440,"column":29}},"153":{"start":{"line":441,"column":23},"end":{"line":441,"column":31}},"154":{"start":{"line":443,"column":21},"end":{"line":447,"column":5}},"155":{"start":{"line":449,"column":4},"end":{"line":451,"column":5}},"156":{"start":{"line":450,"column":6},"end":{"line":450,"column":69}},"157":{"start":{"line":453,"column":4},"end":{"line":456,"column":7}},"158":{"start":{"line":458,"column":4},"end":{"line":458,"column":51}},"159":{"start":{"line":459,"column":4},"end":{"line":459,"column":54}},"160":{"start":{"line":464,"column":0},"end":{"line":483,"column":3}},"161":{"start":{"line":465,"column":2},"end":{"line":482,"column":3}},"162":{"start":{"line":466,"column":21},"end":{"line":466,"column":58}},"163":{"start":{"line":469,"column":24},"end":{"line":469,"column":26}},"164":{"start":{"line":470,"column":4},"end":{"line":476,"column":7}},"165":{"start":{"line":471,"column":6},"end":{"line":475,"column":8}},"166":{"start":{"line":478,"column":4},"end":{"line":478,"column":26}},"167":{"start":{"line":480,"column":4},"end":{"line":480,"column":48}},"168":{"start":{"line":481,"column":4},"end":{"line":481,"column":54}},"169":{"start":{"line":485,"column":0},"end":{"line":515,"column":3}},"170":{"start":{"line":489,"column":2},"end":{"line":514,"column":3}},"171":{"start":{"line":490,"column":19},"end":{"line":490,"column":40}},"172":{"start":{"line":491,"column":4},"end":{"line":496,"column":5}},"173":{"start":{"line":492,"column":6},"end":{"line":495,"column":9}},"174":{"start":{"line":498,"column":20},"end":{"line":498,"column":30}},"175":{"start":{"line":499,"column":35},"end":{"line":499,"column":43}},"176":{"start":{"line":501,"column":20},"end":{"line":505,"column":5}},"177":{"start":{"line":507,"column":4},"end":{"line":510,"column":7}},"178":{"start":{"line":512,"column":4},"end":{"line":512,"column":50}},"179":{"start":{"line":513,"column":4},"end":{"line":513,"column":54}},"180":{"start":{"line":518,"column":0},"end":{"line":576,"column":3}},"181":{"start":{"line":521,"column":2},"end":{"line":575,"column":3}},"182":{"start":{"line":522,"column":19},"end":{"line":522,"column":44}},"183":{"start":{"line":523,"column":17},"end":{"line":523,"column":90}},"184":{"start":{"line":524,"column":22},"end":{"line":524,"column":71}},"185":{"start":{"line":527,"column":23},"end":{"line":546,"column":6}},"186":{"start":{"line":549,"column":31},"end":{"line":556,"column":6}},"187":{"start":{"line":559,"column":29},"end":{"line":564,"column":6}},"188":{"start":{"line":566,"column":4},"end":{"line":571,"column":7}},"189":{"start":{"line":573,"column":4},"end":{"line":573,"column":54}},"190":{"start":{"line":574,"column":4},"end":{"line":574,"column":54}},"191":{"start":{"line":578,"column":0},"end":{"line":641,"column":3}},"192":{"start":{"line":581,"column":2},"end":{"line":640,"column":3}},"193":{"start":{"line":582,"column":19},"end":{"line":582,"column":44}},"194":{"start":{"line":583,"column":17},"end":{"line":583,"column":90}},"195":{"start":{"line":584,"column":22},"end":{"line":584,"column":71}},"196":{"start":{"line":587,"column":23},"end":{"line":606,"column":6}},"197":{"start":{"line":609,"column":33},"end":{"line":619,"column":6}},"198":{"start":{"line":622,"column":31},"end":{"line":629,"column":6}},"199":{"start":{"line":631,"column":4},"end":{"line":636,"column":7}},"200":{"start":{"line":638,"column":4},"end":{"line":638,"column":54}},"201":{"start":{"line":639,"column":4},"end":{"line":639,"column":54}},"202":{"start":{"line":644,"column":0},"end":{"line":657,"column":3}},"203":{"start":{"line":645,"column":2},"end":{"line":656,"column":3}},"204":{"start":{"line":646,"column":18},"end":{"line":648,"column":13}},"205":{"start":{"line":650,"column":4},"end":{"line":650,"column":54}},"206":{"start":{"line":651,"column":4},"end":{"line":651,"column":76}},"207":{"start":{"line":652,"column":4},"end":{"line":652,"column":20}},"208":{"start":{"line":654,"column":4},"end":{"line":654,"column":48}},"209":{"start":{"line":655,"column":4},"end":{"line":655,"column":54}},"210":{"start":{"line":659,"column":0},"end":{"line":673,"column":3}},"211":{"start":{"line":660,"column":2},"end":{"line":672,"column":3}},"212":{"start":{"line":661,"column":18},"end":{"line":664,"column":13}},"213":{"start":{"line":666,"column":4},"end":{"line":666,"column":54}},"214":{"start":{"line":667,"column":4},"end":{"line":667,"column":76}},"215":{"start":{"line":668,"column":4},"end":{"line":668,"column":20}},"216":{"start":{"line":670,"column":4},"end":{"line":670,"column":48}},"217":{"start":{"line":671,"column":4},"end":{"line":671,"column":54}},"218":{"start":{"line":675,"column":0},"end":{"line":675,"column":24}}},"fnMap":{"0":{"name":"(anonymous_0)","decl":{"start":{"line":17,"column":25},"end":{"line":17,"column":26}},"loc":{"start":{"line":17,"column":45},"end":{"line":116,"column":1}},"line":17},"1":{"name":"(anonymous_1)","decl":{"start":{"line":125,"column":3},"end":{"line":125,"column":4}},"loc":{"start":{"line":125,"column":23},"end":{"line":185,"column":1}},"line":125},"2":{"name":"(anonymous_2)","decl":{"start":{"line":191,"column":3},"end":{"line":191,"column":4}},"loc":{"start":{"line":191,"column":23},"end":{"line":265,"column":1}},"line":191},"3":{"name":"(anonymous_3)","decl":{"start":{"line":275,"column":3},"end":{"line":275,"column":4}},"loc":{"start":{"line":275,"column":23},"end":{"line":330,"column":1}},"line":275},"4":{"name":"(anonymous_4)","decl":{"start":{"line":335,"column":3},"end":{"line":335,"column":4}},"loc":{"start":{"line":335,"column":23},"end":{"line":366,"column":1}},"line":335},"5":{"name":"(anonymous_5)","decl":{"start":{"line":369,"column":26},"end":{"line":369,"column":27}},"loc":{"start":{"line":369,"column":46},"end":{"line":377,"column":1}},"line":369},"6":{"name":"(anonymous_6)","decl":{"start":{"line":385,"column":3},"end":{"line":385,"column":4}},"loc":{"start":{"line":385,"column":23},"end":{"line":421,"column":1}},"line":385},"7":{"name":"(anonymous_7)","decl":{"start":{"line":430,"column":3},"end":{"line":430,"column":4}},"loc":{"start":{"line":430,"column":23},"end":{"line":461,"column":1}},"line":430},"8":{"name":"(anonymous_8)","decl":{"start":{"line":464,"column":24},"end":{"line":464,"column":25}},"loc":{"start":{"line":464,"column":44},"end":{"line":483,"column":1}},"line":464},"9":{"name":"(anonymous_9)","decl":{"start":{"line":470,"column":21},"end":{"line":470,"column":22}},"loc":{"start":{"line":470,"column":32},"end":{"line":476,"column":5}},"line":470},"10":{"name":"(anonymous_10)","decl":{"start":{"line":488,"column":3},"end":{"line":488,"column":4}},"loc":{"start":{"line":488,"column":23},"end":{"line":515,"column":1}},"line":488},"11":{"name":"(anonymous_11)","decl":{"start":{"line":520,"column":3},"end":{"line":520,"column":4}},"loc":{"start":{"line":520,"column":23},"end":{"line":576,"column":1}},"line":520},"12":{"name":"(anonymous_12)","decl":{"start":{"line":580,"column":3},"end":{"line":580,"column":4}},"loc":{"start":{"line":580,"column":23},"end":{"line":641,"column":1}},"line":580},"13":{"name":"(anonymous_13)","decl":{"start":{"line":644,"column":28},"end":{"line":644,"column":29}},"loc":{"start":{"line":644,"column":48},"end":{"line":657,"column":1}},"line":644},"14":{"name":"(anonymous_14)","decl":{"start":{"line":659,"column":28},"end":{"line":659,"column":29}},"loc":{"start":{"line":659,"column":48},"end":{"line":673,"column":1}},"line":659}},"branchMap":{"0":{"loc":{"start":{"line":128,"column":4},"end":{"line":133,"column":5}},"type":"if","locations":[{"start":{"line":128,"column":4},"end":{"line":133,"column":5}},{"start":{},"end":{}}],"line":128},"1":{"loc":{"start":{"line":135,"column":17},"end":{"line":135,"column":46}},"type":"binary-expr","locations":[{"start":{"line":135,"column":17},"end":{"line":135,"column":41}},{"start":{"line":135,"column":45},"end":{"line":135,"column":46}}],"line":135},"2":{"loc":{"start":{"line":136,"column":18},"end":{"line":136,"column":49}},"type":"binary-expr","locations":[{"start":{"line":136,"column":18},"end":{"line":136,"column":43}},{"start":{"line":136,"column":47},"end":{"line":136,"column":49}}],"line":136},"3":{"loc":{"start":{"line":141,"column":4},"end":{"line":141,"column":59}},"type":"if","locations":[{"start":{"line":141,"column":4},"end":{"line":141,"column":59}},{"start":{},"end":{}}],"line":141},"4":{"loc":{"start":{"line":142,"column":4},"end":{"line":147,"column":5}},"type":"if","locations":[{"start":{"line":142,"column":4},"end":{"line":147,"column":5}},{"start":{},"end":{}}],"line":142},"5":{"loc":{"start":{"line":151,"column":4},"end":{"line":161,"column":5}},"type":"switch","locations":[{"start":{"line":152,"column":6},"end":{"line":154,"column":14}},{"start":{"line":155,"column":6},"end":{"line":157,"column":14}},{"start":{"line":158,"column":6},"end":{"line":160,"column":14}}],"line":151},"6":{"loc":{"start":{"line":194,"column":4},"end":{"line":199,"column":5}},"type":"if","locations":[{"start":{"line":194,"column":4},"end":{"line":199,"column":5}},{"start":{},"end":{}}],"line":194},"7":{"loc":{"start":{"line":205,"column":4},"end":{"line":207,"column":5}},"type":"if","locations":[{"start":{"line":205,"column":4},"end":{"line":207,"column":5}},{"start":{},"end":{}}],"line":205},"8":{"loc":{"start":{"line":210,"column":4},"end":{"line":212,"column":5}},"type":"if","locations":[{"start":{"line":210,"column":4},"end":{"line":212,"column":5}},{"start":{},"end":{}}],"line":210},"9":{"loc":{"start":{"line":222,"column":4},"end":{"line":237,"column":5}},"type":"switch","locations":[{"start":{"line":223,"column":6},"end":{"line":226,"column":14}},{"start":{"line":227,"column":6},"end":{"line":230,"column":14}},{"start":{"line":231,"column":6},"end":{"line":236,"column":14}}],"line":222},"10":{"loc":{"start":{"line":232,"column":8},"end":{"line":235,"column":9}},"type":"if","locations":[{"start":{"line":232,"column":8},"end":{"line":235,"column":9}},{"start":{},"end":{}}],"line":232},"11":{"loc":{"start":{"line":239,"column":4},"end":{"line":250,"column":5}},"type":"if","locations":[{"start":{"line":239,"column":4},"end":{"line":250,"column":5}},{"start":{},"end":{}}],"line":239},"12":{"loc":{"start":{"line":245,"column":33},"end":{"line":245,"column":72}},"type":"cond-expr","locations":[{"start":{"line":245,"column":42},"end":{"line":245,"column":67}},{"start":{"line":245,"column":70},"end":{"line":245,"column":72}}],"line":245},"13":{"loc":{"start":{"line":278,"column":4},"end":{"line":283,"column":5}},"type":"if","locations":[{"start":{"line":278,"column":4},"end":{"line":283,"column":5}},{"start":{},"end":{}}],"line":278},"14":{"loc":{"start":{"line":285,"column":17},"end":{"line":285,"column":46}},"type":"binary-expr","locations":[{"start":{"line":285,"column":17},"end":{"line":285,"column":41}},{"start":{"line":285,"column":45},"end":{"line":285,"column":46}}],"line":285},"15":{"loc":{"start":{"line":286,"column":18},"end":{"line":286,"column":49}},"type":"binary-expr","locations":[{"start":{"line":286,"column":18},"end":{"line":286,"column":43}},{"start":{"line":286,"column":47},"end":{"line":286,"column":49}}],"line":286},"16":{"loc":{"start":{"line":291,"column":4},"end":{"line":291,"column":59}},"type":"if","locations":[{"start":{"line":291,"column":4},"end":{"line":291,"column":59}},{"start":{},"end":{}}],"line":291},"17":{"loc":{"start":{"line":292,"column":4},"end":{"line":292,"column":65}},"type":"if","locations":[{"start":{"line":292,"column":4},"end":{"line":292,"column":65}},{"start":{},"end":{}}],"line":292},"18":{"loc":{"start":{"line":293,"column":4},"end":{"line":295,"column":5}},"type":"if","locations":[{"start":{"line":293,"column":4},"end":{"line":295,"column":5}},{"start":{},"end":{}}],"line":293},"19":{"loc":{"start":{"line":299,"column":4},"end":{"line":306,"column":5}},"type":"switch","locations":[{"start":{"line":300,"column":6},"end":{"line":302,"column":14}},{"start":{"line":303,"column":6},"end":{"line":305,"column":14}}],"line":299},"20":{"loc":{"start":{"line":341,"column":4},"end":{"line":343,"column":5}},"type":"if","locations":[{"start":{"line":341,"column":4},"end":{"line":343,"column":5}},{"start":{},"end":{}}],"line":341},"21":{"loc":{"start":{"line":355,"column":62},"end":{"line":355,"column":101}},"type":"cond-expr","locations":[{"start":{"line":355,"column":71},"end":{"line":355,"column":96}},{"start":{"line":355,"column":99},"end":{"line":355,"column":101}}],"line":355},"22":{"loc":{"start":{"line":388,"column":4},"end":{"line":393,"column":5}},"type":"if","locations":[{"start":{"line":388,"column":4},"end":{"line":393,"column":5}},{"start":{},"end":{}}],"line":388},"23":{"loc":{"start":{"line":399,"column":4},"end":{"line":401,"column":5}},"type":"if","locations":[{"start":{"line":399,"column":4},"end":{"line":401,"column":5}},{"start":{},"end":{}}],"line":399},"24":{"loc":{"start":{"line":408,"column":17},"end":{"line":408,"column":31}},"type":"binary-expr","locations":[{"start":{"line":408,"column":17},"end":{"line":408,"column":26}},{"start":{"line":408,"column":30},"end":{"line":408,"column":31}}],"line":408},"25":{"loc":{"start":{"line":433,"column":4},"end":{"line":438,"column":5}},"type":"if","locations":[{"start":{"line":433,"column":4},"end":{"line":438,"column":5}},{"start":{},"end":{}}],"line":433},"26":{"loc":{"start":{"line":449,"column":4},"end":{"line":451,"column":5}},"type":"if","locations":[{"start":{"line":449,"column":4},"end":{"line":451,"column":5}},{"start":{},"end":{}}],"line":449},"27":{"loc":{"start":{"line":491,"column":4},"end":{"line":496,"column":5}},"type":"if","locations":[{"start":{"line":491,"column":4},"end":{"line":496,"column":5}},{"start":{},"end":{}}],"line":491},"28":{"loc":{"start":{"line":522,"column":19},"end":{"line":522,"column":44}},"type":"binary-expr","locations":[{"start":{"line":522,"column":19},"end":{"line":522,"column":35}},{"start":{"line":522,"column":39},"end":{"line":522,"column":44}}],"line":522},"29":{"loc":{"start":{"line":523,"column":17},"end":{"line":523,"column":90}},"type":"cond-expr","locations":[{"start":{"line":523,"column":35},"end":{"line":523,"column":36}},{"start":{"line":523,"column":39},"end":{"line":523,"column":90}}],"line":523},"30":{"loc":{"start":{"line":523,"column":39},"end":{"line":523,"column":90}},"type":"cond-expr","locations":[{"start":{"line":523,"column":58},"end":{"line":523,"column":60}},{"start":{"line":523,"column":63},"end":{"line":523,"column":90}}],"line":523},"31":{"loc":{"start":{"line":523,"column":63},"end":{"line":523,"column":90}},"type":"cond-expr","locations":[{"start":{"line":523,"column":82},"end":{"line":523,"column":84}},{"start":{"line":523,"column":87},"end":{"line":523,"column":90}}],"line":523},"32":{"loc":{"start":{"line":582,"column":19},"end":{"line":582,"column":44}},"type":"binary-expr","locations":[{"start":{"line":582,"column":19},"end":{"line":582,"column":35}},{"start":{"line":582,"column":39},"end":{"line":582,"column":44}}],"line":582},"33":{"loc":{"start":{"line":583,"column":17},"end":{"line":583,"column":90}},"type":"cond-expr","locations":[{"start":{"line":583,"column":35},"end":{"line":583,"column":36}},{"start":{"line":583,"column":39},"end":{"line":583,"column":90}}],"line":583},"34":{"loc":{"start":{"line":583,"column":39},"end":{"line":583,"column":90}},"type":"cond-expr","locations":[{"start":{"line":583,"column":58},"end":{"line":583,"column":60}},{"start":{"line":583,"column":63},"end":{"line":583,"column":90}}],"line":583},"35":{"loc":{"start":{"line":583,"column":63},"end":{"line":583,"column":90}},"type":"cond-expr","locations":[{"start":{"line":583,"column":82},"end":{"line":583,"column":84}},{"start":{"line":583,"column":87},"end":{"line":583,"column":90}}],"line":583}},"s":{"0":3,"1":3,"2":3,"3":3,"4":3,"5":3,"6":3,"7":3,"8":3,"9":3,"10":3,"11":3,"12":0,"13":0,"14":0,"15":0,"16":0,"17":0,"18":0,"19":0,"20":0,"21":0,"22":0,"23":0,"24":0,"25":3,"26":0,"27":0,"28":0,"29":0,"30":0,"31":0,"32":0,"33":0,"34":0,"35":0,"36":0,"37":0,"38":0,"39":0,"40":0,"41":0,"42":0,"43":0,"44":0,"45":0,"46":0,"47":0,"48":0,"49":0,"50":0,"51":3,"52":0,"53":0,"54":0,"55":0,"56":0,"57":0,"58":0,"59":0,"60":0,"61":0,"62":0,"63":0,"64":0,"65":0,"66":0,"67":0,"68":0,"69":0,"70":0,"71":0,"72":0,"73":0,"74":0,"75":0,"76":0,"77":0,"78":0,"79":0,"80":0,"81":0,"82":0,"83":0,"84":0,"85":0,"86":3,"87":0,"88":0,"89":0,"90":0,"91":0,"92":0,"93":0,"94":0,"95":0,"96":0,"97":0,"98":0,"99":0,"100":0,"101":0,"102":0,"103":0,"104":0,"105":0,"106":0,"107":0,"108":0,"109":0,"110":0,"111":0,"112":3,"113":0,"114":0,"115":0,"116":0,"117":0,"118":0,"119":0,"120":0,"121":0,"122":0,"123":0,"124":0,"125":0,"126":0,"127":3,"128":0,"129":0,"130":0,"131":0,"132":0,"133":3,"134":0,"135":0,"136":0,"137":0,"138":0,"139":0,"140":0,"141":0,"142":0,"143":0,"144":0,"145":0,"146":0,"147":3,"148":0,"149":0,"150":0,"151":0,"152":0,"153":0,"154":0,"155":0,"156":0,"157":0,"158":0,"159":0,"160":3,"161":0,"162":0,"163":0,"164":0,"165":0,"166":0,"167":0,"168":0,"169":3,"170":0,"171":0,"172":0,"173":0,"174":0,"175":0,"176":0,"177":0,"178":0,"179":0,"180":3,"181":0,"182":0,"183":0,"184":0,"185":0,"186":0,"187":0,"188":0,"189":0,"190":0,"191":3,"192":0,"193":0,"194":0,"195":0,"196":0,"197":0,"198":0,"199":0,"200":0,"201":0,"202":3,"203":0,"204":0,"205":0,"206":0,"207":0,"208":0,"209":0,"210":3,"211":0,"212":0,"213":0,"214":0,"215":0,"216":0,"217":0,"218":3},"f":{"0":0,"1":0,"2":0,"3":0,"4":0,"5":0,"6":0,"7":0,"8":0,"9":0,"10":0,"11":0,"12":0,"13":0,"14":0},"b":{"0":[0,0],"1":[0,0],"2":[0,0],"3":[0,0],"4":[0,0],"5":[0,0,0],"6":[0,0],"7":[0,0],"8":[0,0],"9":[0,0,0],"10":[0,0],"11":[0,0],"12":[0,0],"13":[0,0],"14":[0,0],"15":[0,0],"16":[0,0],"17":[0,0],"18":[0,0],"19":[0,0],"20":[0,0],"21":[0,0],"22":[0,0],"23":[0,0],"24":[0,0],"25":[0,0],"26":[0,0],"27":[0,0],"28":[0,0],"29":[0,0],"30":[0,0],"31":[0,0],"32":[0,0],"33":[0,0],"34":[0,0],"35":[0,0]},"_coverageSchema":"1a1c01bbd47fc00a2c39e90264f33305004495a9","hash":"a75bb5e262bcf951550c94b89af6562c78d0df32"}
,"C:\\Users\\user\\CS316\\my-first-project\\routes\\auth.js": {"path":"C:\\Users\\user\\CS316\\my-first-project\\routes\\auth.js","statementMap":{"0":{"start":{"line":1,"column":16},"end":{"line":1,"column":34}},"1":{"start":{"line":2,"column":12},"end":{"line":2,"column":35}},"2":{"start":{"line":3,"column":15},"end":{"line":3,"column":32}},"3":{"start":{"line":4,"column":35},"end":{"line":4,"column":63}},"4":{"start":{"line":5,"column":13},"end":{"line":5,"column":38}},"5":{"start":{"line":6,"column":35},"end":{"line":6,"column":60}},"6":{"start":{"line":7,"column":17},"end":{"line":7,"column":46}},"7":{"start":{"line":9,"column":15},"end":{"line":9,"column":31}},"8":{"start":{"line":12,"column":0},"end":{"line":86,"column":3}},"9":{"start":{"line":17,"column":2},"end":{"line":85,"column":3}},"10":{"start":{"line":18,"column":19},"end":{"line":18,"column":40}},"11":{"start":{"line":19,"column":4},"end":{"line":24,"column":5}},"12":{"start":{"line":20,"column":6},"end":{"line":23,"column":9}},"13":{"start":{"line":26,"column":68},"end":{"line":26,"column":76}},"14":{"start":{"line":29,"column":25},"end":{"line":29,"column":54}},"15":{"start":{"line":30,"column":4},"end":{"line":32,"column":5}},"16":{"start":{"line":31,"column":6},"end":{"line":31,"column":98}},"17":{"start":{"line":35,"column":17},"end":{"line":45,"column":6}},"18":{"start":{"line":47,"column":4},"end":{"line":47,"column":22}},"19":{"start":{"line":50,"column":18},"end":{"line":54,"column":5}},"20":{"start":{"line":57,"column":25},"end":{"line":68,"column":5}},"21":{"start":{"line":70,"column":4},"end":{"line":74,"column":7}},"22":{"start":{"line":76,"column":4},"end":{"line":76,"column":48}},"23":{"start":{"line":77,"column":4},"end":{"line":77,"column":51}},"24":{"start":{"line":78,"column":4},"end":{"line":83,"column":5}},"25":{"start":{"line":79,"column":6},"end":{"line":82,"column":9}},"26":{"start":{"line":84,"column":4},"end":{"line":84,"column":74}},"27":{"start":{"line":89,"column":0},"end":{"line":112,"column":3}},"28":{"start":{"line":90,"column":2},"end":{"line":111,"column":3}},"29":{"start":{"line":91,"column":22},"end":{"line":91,"column":32}},"30":{"start":{"line":93,"column":17},"end":{"line":96,"column":6}},"31":{"start":{"line":98,"column":4},"end":{"line":100,"column":5}},"32":{"start":{"line":99,"column":6},"end":{"line":99,"column":88}},"33":{"start":{"line":102,"column":4},"end":{"line":102,"column":32}},"34":{"start":{"line":103,"column":4},"end":{"line":103,"column":44}},"35":{"start":{"line":104,"column":4},"end":{"line":104,"column":46}},"36":{"start":{"line":105,"column":4},"end":{"line":105,"column":22}},"37":{"start":{"line":107,"column":4},"end":{"line":107,"column":78}},"38":{"start":{"line":109,"column":4},"end":{"line":109,"column":54}},"39":{"start":{"line":110,"column":4},"end":{"line":110,"column":80}},"40":{"start":{"line":115,"column":0},"end":{"line":172,"column":3}},"41":{"start":{"line":119,"column":2},"end":{"line":171,"column":3}},"42":{"start":{"line":120,"column":19},"end":{"line":120,"column":40}},"43":{"start":{"line":121,"column":4},"end":{"line":126,"column":5}},"44":{"start":{"line":122,"column":6},"end":{"line":125,"column":9}},"45":{"start":{"line":128,"column":32},"end":{"line":128,"column":40}},"46":{"start":{"line":131,"column":17},"end":{"line":131,"column":46}},"47":{"start":{"line":132,"column":4},"end":{"line":134,"column":5}},"48":{"start":{"line":133,"column":6},"end":{"line":133,"column":70}},"49":{"start":{"line":137,"column":20},"end":{"line":137,"column":56}},"50":{"start":{"line":138,"column":4},"end":{"line":140,"column":5}},"51":{"start":{"line":139,"column":6},"end":{"line":139,"column":70}},"52":{"start":{"line":143,"column":4},"end":{"line":145,"column":5}},"53":{"start":{"line":144,"column":6},"end":{"line":144,"column":79}},"54":{"start":{"line":146,"column":4},"end":{"line":148,"column":5}},"55":{"start":{"line":147,"column":6},"end":{"line":147,"column":88}},"56":{"start":{"line":151,"column":18},"end":{"line":155,"column":5}},"57":{"start":{"line":157,"column":4},"end":{"line":167,"column":7}},"58":{"start":{"line":169,"column":4},"end":{"line":169,"column":41}},"59":{"start":{"line":170,"column":4},"end":{"line":170,"column":67}},"60":{"start":{"line":175,"column":0},"end":{"line":188,"column":3}},"61":{"start":{"line":176,"column":2},"end":{"line":187,"column":3}},"62":{"start":{"line":181,"column":4},"end":{"line":183,"column":7}},"63":{"start":{"line":185,"column":4},"end":{"line":185,"column":42}},"64":{"start":{"line":186,"column":4},"end":{"line":186,"column":68}},"65":{"start":{"line":191,"column":0},"end":{"line":227,"column":3}},"66":{"start":{"line":194,"column":2},"end":{"line":226,"column":3}},"67":{"start":{"line":195,"column":19},"end":{"line":195,"column":40}},"68":{"start":{"line":196,"column":4},"end":{"line":200,"column":5}},"69":{"start":{"line":197,"column":6},"end":{"line":199,"column":9}},"70":{"start":{"line":202,"column":22},"end":{"line":202,"column":30}},"71":{"start":{"line":203,"column":17},"end":{"line":203,"column":46}},"72":{"start":{"line":205,"column":4},"end":{"line":208,"column":5}},"73":{"start":{"line":207,"column":6},"end":{"line":207,"column":107}},"74":{"start":{"line":211,"column":23},"end":{"line":211,"column":61}},"75":{"start":{"line":212,"column":25},"end":{"line":212,"column":62}},"76":{"start":{"line":214,"column":4},"end":{"line":214,"column":41}},"77":{"start":{"line":215,"column":4},"end":{"line":215,"column":45}},"78":{"start":{"line":216,"column":4},"end":{"line":216,"column":22}},"79":{"start":{"line":219,"column":21},"end":{"line":219,"column":75}},"80":{"start":{"line":220,"column":4},"end":{"line":220,"column":61}},"81":{"start":{"line":222,"column":4},"end":{"line":222,"column":98}},"82":{"start":{"line":224,"column":4},"end":{"line":224,"column":51}},"83":{"start":{"line":225,"column":4},"end":{"line":225,"column":54}},"84":{"start":{"line":230,"column":0},"end":{"line":263,"column":3}},"85":{"start":{"line":233,"column":2},"end":{"line":262,"column":3}},"86":{"start":{"line":234,"column":19},"end":{"line":234,"column":40}},"87":{"start":{"line":235,"column":4},"end":{"line":239,"column":5}},"88":{"start":{"line":236,"column":6},"end":{"line":238,"column":9}},"89":{"start":{"line":241,"column":22},"end":{"line":241,"column":32}},"90":{"start":{"line":242,"column":25},"end":{"line":242,"column":33}},"91":{"start":{"line":244,"column":17},"end":{"line":247,"column":6}},"92":{"start":{"line":249,"column":4},"end":{"line":251,"column":5}},"93":{"start":{"line":250,"column":6},"end":{"line":250,"column":81}},"94":{"start":{"line":253,"column":4},"end":{"line":253,"column":29}},"95":{"start":{"line":254,"column":4},"end":{"line":254,"column":40}},"96":{"start":{"line":255,"column":4},"end":{"line":255,"column":42}},"97":{"start":{"line":256,"column":4},"end":{"line":256,"column":22}},"98":{"start":{"line":258,"column":4},"end":{"line":258,"column":57}},"99":{"start":{"line":260,"column":4},"end":{"line":260,"column":50}},"100":{"start":{"line":261,"column":4},"end":{"line":261,"column":76}},"101":{"start":{"line":266,"column":0},"end":{"line":278,"column":3}},"102":{"start":{"line":267,"column":2},"end":{"line":277,"column":3}},"103":{"start":{"line":268,"column":17},"end":{"line":268,"column":73}},"104":{"start":{"line":269,"column":4},"end":{"line":271,"column":5}},"105":{"start":{"line":270,"column":6},"end":{"line":270,"column":65}},"106":{"start":{"line":273,"column":4},"end":{"line":273,"column":19}},"107":{"start":{"line":275,"column":4},"end":{"line":275,"column":44}},"108":{"start":{"line":276,"column":4},"end":{"line":276,"column":54}},"109":{"start":{"line":281,"column":0},"end":{"line":313,"column":3}},"110":{"start":{"line":284,"column":2},"end":{"line":312,"column":3}},"111":{"start":{"line":285,"column":22},"end":{"line":285,"column":30}},"112":{"start":{"line":287,"column":17},"end":{"line":287,"column":46}},"113":{"start":{"line":288,"column":4},"end":{"line":290,"column":5}},"114":{"start":{"line":289,"column":6},"end":{"line":289,"column":65}},"115":{"start":{"line":292,"column":4},"end":{"line":294,"column":5}},"116":{"start":{"line":293,"column":6},"end":{"line":293,"column":76}},"117":{"start":{"line":297,"column":35},"end":{"line":297,"column":73}},"118":{"start":{"line":298,"column":37},"end":{"line":298,"column":79}},"119":{"start":{"line":300,"column":4},"end":{"line":300,"column":57}},"120":{"start":{"line":301,"column":4},"end":{"line":301,"column":61}},"121":{"start":{"line":302,"column":4},"end":{"line":302,"column":22}},"122":{"start":{"line":305,"column":28},"end":{"line":305,"column":101}},"123":{"start":{"line":306,"column":4},"end":{"line":306,"column":67}},"124":{"start":{"line":308,"column":4},"end":{"line":308,"column":53}},"125":{"start":{"line":310,"column":4},"end":{"line":310,"column":55}},"126":{"start":{"line":311,"column":4},"end":{"line":311,"column":54}},"127":{"start":{"line":315,"column":0},"end":{"line":315,"column":24}}},"fnMap":{"0":{"name":"(anonymous_0)","decl":{"start":{"line":16,"column":3},"end":{"line":16,"column":4}},"loc":{"start":{"line":16,"column":23},"end":{"line":86,"column":1}},"line":16},"1":{"name":"(anonymous_1)","decl":{"start":{"line":89,"column":35},"end":{"line":89,"column":36}},"loc":{"start":{"line":89,"column":55},"end":{"line":112,"column":1}},"line":89},"2":{"name":"(anonymous_2)","decl":{"start":{"line":118,"column":3},"end":{"line":118,"column":4}},"loc":{"start":{"line":118,"column":23},"end":{"line":172,"column":1}},"line":118},"3":{"name":"(anonymous_3)","decl":{"start":{"line":175,"column":29},"end":{"line":175,"column":30}},"loc":{"start":{"line":175,"column":49},"end":{"line":188,"column":1}},"line":175},"4":{"name":"(anonymous_4)","decl":{"start":{"line":193,"column":3},"end":{"line":193,"column":4}},"loc":{"start":{"line":193,"column":23},"end":{"line":227,"column":1}},"line":193},"5":{"name":"(anonymous_5)","decl":{"start":{"line":232,"column":3},"end":{"line":232,"column":4}},"loc":{"start":{"line":232,"column":23},"end":{"line":263,"column":1}},"line":232},"6":{"name":"(anonymous_6)","decl":{"start":{"line":266,"column":24},"end":{"line":266,"column":25}},"loc":{"start":{"line":266,"column":44},"end":{"line":278,"column":1}},"line":266},"7":{"name":"(anonymous_7)","decl":{"start":{"line":283,"column":3},"end":{"line":283,"column":4}},"loc":{"start":{"line":283,"column":23},"end":{"line":313,"column":1}},"line":283}},"branchMap":{"0":{"loc":{"start":{"line":19,"column":4},"end":{"line":24,"column":5}},"type":"if","locations":[{"start":{"line":19,"column":4},"end":{"line":24,"column":5}},{"start":{},"end":{}}],"line":19},"1":{"loc":{"start":{"line":26,"column":35},"end":{"line":26,"column":53}},"type":"default-arg","locations":[{"start":{"line":26,"column":43},"end":{"line":26,"column":53}}],"line":26},"2":{"loc":{"start":{"line":30,"column":4},"end":{"line":32,"column":5}},"type":"if","locations":[{"start":{"line":30,"column":4},"end":{"line":32,"column":5}},{"start":{},"end":{}}],"line":30},"3":{"loc":{"start":{"line":39,"column":13},"end":{"line":39,"column":32}},"type":"binary-expr","locations":[{"start":{"line":39,"column":13},"end":{"line":39,"column":18}},{"start":{"line":39,"column":22},"end":{"line":39,"column":32}}],"line":39},"4":{"loc":{"start":{"line":40,"column":16},"end":{"line":43,"column":7}},"type":"binary-expr","locations":[{"start":{"line":40,"column":16},"end":{"line":40,"column":24}},{"start":{"line":40,"column":28},"end":{"line":43,"column":7}}],"line":40},"5":{"loc":{"start":{"line":53,"column":19},"end":{"line":53,"column":53}},"type":"binary-expr","locations":[{"start":{"line":53,"column":19},"end":{"line":53,"column":45}},{"start":{"line":53,"column":49},"end":{"line":53,"column":53}}],"line":53},"6":{"loc":{"start":{"line":78,"column":4},"end":{"line":83,"column":5}},"type":"if","locations":[{"start":{"line":78,"column":4},"end":{"line":83,"column":5}},{"start":{},"end":{}}],"line":78},"7":{"loc":{"start":{"line":98,"column":4},"end":{"line":100,"column":5}},"type":"if","locations":[{"start":{"line":98,"column":4},"end":{"line":100,"column":5}},{"start":{},"end":{}}],"line":98},"8":{"loc":{"start":{"line":121,"column":4},"end":{"line":126,"column":5}},"type":"if","locations":[{"start":{"line":121,"column":4},"end":{"line":126,"column":5}},{"start":{},"end":{}}],"line":121},"9":{"loc":{"start":{"line":132,"column":4},"end":{"line":134,"column":5}},"type":"if","locations":[{"start":{"line":132,"column":4},"end":{"line":134,"column":5}},{"start":{},"end":{}}],"line":132},"10":{"loc":{"start":{"line":138,"column":4},"end":{"line":140,"column":5}},"type":"if","locations":[{"start":{"line":138,"column":4},"end":{"line":140,"column":5}},{"start":{},"end":{}}],"line":138},"11":{"loc":{"start":{"line":143,"column":4},"end":{"line":145,"column":5}},"type":"if","locations":[{"start":{"line":143,"column":4},"end":{"line":145,"column":5}},{"start":{},"end":{}}],"line":143},"12":{"loc":{"start":{"line":146,"column":4},"end":{"line":148,"column":5}},"type":"if","locations":[{"start":{"line":146,"column":4},"end":{"line":148,"column":5}},{"start":{},"end":{}}],"line":146},"13":{"loc":{"start":{"line":196,"column":4},"end":{"line":200,"column":5}},"type":"if","locations":[{"start":{"line":196,"column":4},"end":{"line":200,"column":5}},{"start":{},"end":{}}],"line":196},"14":{"loc":{"start":{"line":205,"column":4},"end":{"line":208,"column":5}},"type":"if","locations":[{"start":{"line":205,"column":4},"end":{"line":208,"column":5}},{"start":{},"end":{}}],"line":205},"15":{"loc":{"start":{"line":235,"column":4},"end":{"line":239,"column":5}},"type":"if","locations":[{"start":{"line":235,"column":4},"end":{"line":239,"column":5}},{"start":{},"end":{}}],"line":235},"16":{"loc":{"start":{"line":249,"column":4},"end":{"line":251,"column":5}},"type":"if","locations":[{"start":{"line":249,"column":4},"end":{"line":251,"column":5}},{"start":{},"end":{}}],"line":249},"17":{"loc":{"start":{"line":269,"column":4},"end":{"line":271,"column":5}},"type":"if","locations":[{"start":{"line":269,"column":4},"end":{"line":271,"column":5}},{"start":{},"end":{}}],"line":269},"18":{"loc":{"start":{"line":288,"column":4},"end":{"line":290,"column":5}},"type":"if","locations":[{"start":{"line":288,"column":4},"end":{"line":290,"column":5}},{"start":{},"end":{}}],"line":288},"19":{"loc":{"start":{"line":292,"column":4},"end":{"line":294,"column":5}},"type":"if","locations":[{"start":{"line":292,"column":4},"end":{"line":294,"column":5}},{"start":{},"end":{}}],"line":292}},"s":{"0":3,"1":3,"2":3,"3":3,"4":3,"5":3,"6":3,"7":3,"8":3,"9":93,"10":93,"11":93,"12":3,"13":90,"14":90,"15":90,"16":1,"17":89,"18":89,"19":89,"20":89,"21":89,"22":0,"23":0,"24":0,"25":0,"26":0,"27":3,"28":0,"29":0,"30":0,"31":0,"32":0,"33":0,"34":0,"35":0,"36":0,"37":0,"38":0,"39":0,"40":3,"41":6,"42":6,"43":6,"44":1,"45":5,"46":5,"47":5,"48":1,"49":4,"50":4,"51":1,"52":3,"53":1,"54":2,"55":1,"56":1,"57":1,"58":0,"59":0,"60":3,"61":1,"62":1,"63":0,"64":0,"65":3,"66":3,"67":3,"68":3,"69":1,"70":2,"71":2,"72":2,"73":1,"74":1,"75":1,"76":1,"77":1,"78":1,"79":1,"80":1,"81":0,"82":1,"83":1,"84":3,"85":0,"86":0,"87":0,"88":0,"89":0,"90":0,"91":0,"92":0,"93":0,"94":0,"95":0,"96":0,"97":0,"98":0,"99":0,"100":0,"101":3,"102":1,"103":1,"104":1,"105":0,"106":1,"107":0,"108":0,"109":3,"110":0,"111":0,"112":0,"113":0,"114":0,"115":0,"116":0,"117":0,"118":0,"119":0,"120":0,"121":0,"122":0,"123":0,"124":0,"125":0,"126":0,"127":3},"f":{"0":93,"1":0,"2":6,"3":1,"4":3,"5":0,"6":1,"7":0},"b":{"0":[3,90],"1":[0],"2":[1,89],"3":[89,0],"4":[89,88],"5":[89,0],"6":[0,0],"7":[0,0],"8":[1,5],"9":[1,4],"10":[1,3],"11":[1,2],"12":[1,1],"13":[1,2],"14":[1,1],"15":[0,0],"16":[0,0],"17":[0,1],"18":[0,0],"19":[0,0]},"_coverageSchema":"1a1c01bbd47fc00a2c39e90264f33305004495a9","hash":"bb7a5bdd86ee5569d9263e1be953d868afc64fdd"}
,"C:\\Users\\user\\CS316\\my-first-project\\routes\\chat.js": {"path":"C:\\Users\\user\\CS316\\my-first-project\\routes\\chat.js","statementMap":{"0":{"start":{"line":1,"column":16},"end":{"line":1,"column":34}},"1":{"start":{"line":2,"column":35},"end":{"line":2,"column":63}},"2":{"start":{"line":3,"column":17},"end":{"line":3,"column":43}},"3":{"start":{"line":4,"column":14},"end":{"line":4,"column":40}},"4":{"start":{"line":5,"column":17},"end":{"line":5,"column":46}},"5":{"start":{"line":7,"column":15},"end":{"line":7,"column":31}},"6":{"start":{"line":10,"column":0},"end":{"line":65,"column":3}},"7":{"start":{"line":11,"column":2},"end":{"line":64,"column":3}},"8":{"start":{"line":12,"column":24},"end":{"line":12,"column":34}},"9":{"start":{"line":14,"column":18},"end":{"line":14,"column":47}},"10":{"start":{"line":15,"column":4},"end":{"line":17,"column":5}},"11":{"start":{"line":16,"column":6},"end":{"line":16,"column":66}},"12":{"start":{"line":20,"column":19},"end":{"line":20,"column":34}},"13":{"start":{"line":21,"column":4},"end":{"line":23,"column":5}},"14":{"start":{"line":22,"column":6},"end":{"line":22,"column":83}},"15":{"start":{"line":26,"column":4},"end":{"line":28,"column":5}},"16":{"start":{"line":27,"column":6},"end":{"line":27,"column":90}},"17":{"start":{"line":30,"column":15},"end":{"line":32,"column":48}},"18":{"start":{"line":34,"column":4},"end":{"line":44,"column":5}},"19":{"start":{"line":36,"column":6},"end":{"line":40,"column":9}},"20":{"start":{"line":41,"column":6},"end":{"line":41,"column":24}},"21":{"start":{"line":42,"column":6},"end":{"line":42,"column":53}},"22":{"start":{"line":43,"column":6},"end":{"line":43,"column":59}},"23":{"start":{"line":47,"column":28},"end":{"line":47,"column":33}},"24":{"start":{"line":48,"column":4},"end":{"line":53,"column":7}},"25":{"start":{"line":49,"column":6},"end":{"line":52,"column":7}},"26":{"start":{"line":50,"column":8},"end":{"line":50,"column":30}},"27":{"start":{"line":51,"column":8},"end":{"line":51,"column":33}},"28":{"start":{"line":55,"column":4},"end":{"line":57,"column":5}},"29":{"start":{"line":56,"column":6},"end":{"line":56,"column":24}},"30":{"start":{"line":60,"column":4},"end":{"line":60,"column":28}},"31":{"start":{"line":62,"column":4},"end":{"line":62,"column":44}},"32":{"start":{"line":63,"column":4},"end":{"line":63,"column":54}},"33":{"start":{"line":68,"column":0},"end":{"line":148,"column":3}},"34":{"start":{"line":71,"column":2},"end":{"line":147,"column":3}},"35":{"start":{"line":72,"column":19},"end":{"line":72,"column":40}},"36":{"start":{"line":73,"column":4},"end":{"line":78,"column":5}},"37":{"start":{"line":74,"column":6},"end":{"line":77,"column":9}},"38":{"start":{"line":80,"column":24},"end":{"line":80,"column":34}},"39":{"start":{"line":81,"column":24},"end":{"line":81,"column":32}},"40":{"start":{"line":83,"column":18},"end":{"line":85,"column":42}},"41":{"start":{"line":87,"column":4},"end":{"line":89,"column":5}},"42":{"start":{"line":88,"column":6},"end":{"line":88,"column":66}},"43":{"start":{"line":92,"column":19},"end":{"line":92,"column":34}},"44":{"start":{"line":93,"column":4},"end":{"line":96,"column":5}},"45":{"start":{"line":95,"column":6},"end":{"line":95,"column":82}},"46":{"start":{"line":98,"column":15},"end":{"line":98,"column":53}},"47":{"start":{"line":100,"column":4},"end":{"line":107,"column":5}},"48":{"start":{"line":102,"column":6},"end":{"line":106,"column":9}},"49":{"start":{"line":109,"column":23},"end":{"line":114,"column":5}},"50":{"start":{"line":116,"column":4},"end":{"line":116,"column":35}},"51":{"start":{"line":117,"column":4},"end":{"line":117,"column":22}},"52":{"start":{"line":120,"column":4},"end":{"line":120,"column":51}},"53":{"start":{"line":123,"column":4},"end":{"line":135,"column":5}},"54":{"start":{"line":124,"column":24},"end":{"line":124,"column":101}},"55":{"start":{"line":125,"column":40},"end":{"line":125,"column":65}},"56":{"start":{"line":127,"column":6},"end":{"line":132,"column":8}},"57":{"start":{"line":134,"column":6},"end":{"line":134,"column":72}},"58":{"start":{"line":138,"column":24},"end":{"line":138,"column":63}},"59":{"start":{"line":140,"column":4},"end":{"line":143,"column":7}},"60":{"start":{"line":145,"column":4},"end":{"line":145,"column":48}},"61":{"start":{"line":146,"column":4},"end":{"line":146,"column":54}},"62":{"start":{"line":151,"column":0},"end":{"line":174,"column":3}},"63":{"start":{"line":152,"column":2},"end":{"line":173,"column":3}},"64":{"start":{"line":153,"column":19},"end":{"line":153,"column":34}},"65":{"start":{"line":156,"column":18},"end":{"line":158,"column":6}},"66":{"start":{"line":160,"column":22},"end":{"line":160,"column":23}},"67":{"start":{"line":161,"column":4},"end":{"line":167,"column":7}},"68":{"start":{"line":162,"column":6},"end":{"line":166,"column":9}},"69":{"start":{"line":163,"column":8},"end":{"line":165,"column":9}},"70":{"start":{"line":164,"column":10},"end":{"line":164,"column":24}},"71":{"start":{"line":169,"column":4},"end":{"line":169,"column":30}},"72":{"start":{"line":171,"column":4},"end":{"line":171,"column":52}},"73":{"start":{"line":172,"column":4},"end":{"line":172,"column":54}},"74":{"start":{"line":177,"column":0},"end":{"line":211,"column":3}},"75":{"start":{"line":178,"column":2},"end":{"line":210,"column":3}},"76":{"start":{"line":179,"column":24},"end":{"line":179,"column":34}},"77":{"start":{"line":180,"column":19},"end":{"line":180,"column":34}},"78":{"start":{"line":182,"column":17},"end":{"line":182,"column":55}},"79":{"start":{"line":184,"column":4},"end":{"line":186,"column":5}},"80":{"start":{"line":185,"column":6},"end":{"line":185,"column":65}},"81":{"start":{"line":189,"column":4},"end":{"line":191,"column":5}},"82":{"start":{"line":189,"column":37},"end":{"line":189,"column":60}},"83":{"start":{"line":190,"column":6},"end":{"line":190,"column":65}},"84":{"start":{"line":194,"column":18},"end":{"line":194,"column":23}},"85":{"start":{"line":195,"column":4},"end":{"line":200,"column":7}},"86":{"start":{"line":196,"column":6},"end":{"line":199,"column":7}},"87":{"start":{"line":197,"column":8},"end":{"line":197,"column":30}},"88":{"start":{"line":198,"column":8},"end":{"line":198,"column":23}},"89":{"start":{"line":202,"column":4},"end":{"line":204,"column":5}},"90":{"start":{"line":203,"column":6},"end":{"line":203,"column":24}},"91":{"start":{"line":206,"column":4},"end":{"line":206,"column":53}},"92":{"start":{"line":208,"column":4},"end":{"line":208,"column":45}},"93":{"start":{"line":209,"column":4},"end":{"line":209,"column":54}},"94":{"start":{"line":213,"column":0},"end":{"line":213,"column":24}}},"fnMap":{"0":{"name":"(anonymous_0)","decl":{"start":{"line":10,"column":30},"end":{"line":10,"column":31}},"loc":{"start":{"line":10,"column":50},"end":{"line":65,"column":1}},"line":10},"1":{"name":"(anonymous_1)","decl":{"start":{"line":48,"column":26},"end":{"line":48,"column":27}},"loc":{"start":{"line":48,"column":37},"end":{"line":53,"column":5}},"line":48},"2":{"name":"(anonymous_2)","decl":{"start":{"line":70,"column":3},"end":{"line":70,"column":4}},"loc":{"start":{"line":70,"column":23},"end":{"line":148,"column":1}},"line":70},"3":{"name":"(anonymous_3)","decl":{"start":{"line":151,"column":34},"end":{"line":151,"column":35}},"loc":{"start":{"line":151,"column":54},"end":{"line":174,"column":1}},"line":151},"4":{"name":"(anonymous_4)","decl":{"start":{"line":161,"column":18},"end":{"line":161,"column":19}},"loc":{"start":{"line":161,"column":26},"end":{"line":167,"column":5}},"line":161},"5":{"name":"(anonymous_5)","decl":{"start":{"line":162,"column":28},"end":{"line":162,"column":29}},"loc":{"start":{"line":162,"column":39},"end":{"line":166,"column":7}},"line":162},"6":{"name":"(anonymous_6)","decl":{"start":{"line":177,"column":40},"end":{"line":177,"column":41}},"loc":{"start":{"line":177,"column":60},"end":{"line":211,"column":1}},"line":177},"7":{"name":"(anonymous_7)","decl":{"start":{"line":189,"column":32},"end":{"line":189,"column":33}},"loc":{"start":{"line":189,"column":37},"end":{"line":189,"column":60}},"line":189},"8":{"name":"(anonymous_8)","decl":{"start":{"line":195,"column":26},"end":{"line":195,"column":27}},"loc":{"start":{"line":195,"column":37},"end":{"line":200,"column":5}},"line":195}},"branchMap":{"0":{"loc":{"start":{"line":15,"column":4},"end":{"line":17,"column":5}},"type":"if","locations":[{"start":{"line":15,"column":4},"end":{"line":17,"column":5}},{"start":{},"end":{}}],"line":15},"1":{"loc":{"start":{"line":21,"column":4},"end":{"line":23,"column":5}},"type":"if","locations":[{"start":{"line":21,"column":4},"end":{"line":23,"column":5}},{"start":{},"end":{}}],"line":21},"2":{"loc":{"start":{"line":21,"column":8},"end":{"line":21,"column":86}},"type":"binary-expr","locations":[{"start":{"line":21,"column":8},"end":{"line":21,"column":45}},{"start":{"line":21,"column":49},"end":{"line":21,"column":86}}],"line":21},"3":{"loc":{"start":{"line":26,"column":4},"end":{"line":28,"column":5}},"type":"if","locations":[{"start":{"line":26,"column":4},"end":{"line":28,"column":5}},{"start":{},"end":{}}],"line":26},"4":{"loc":{"start":{"line":26,"column":8},"end":{"line":26,"column":67}},"type":"binary-expr","locations":[{"start":{"line":26,"column":8},"end":{"line":26,"column":35}},{"start":{"line":26,"column":39},"end":{"line":26,"column":67}}],"line":26},"5":{"loc":{"start":{"line":34,"column":4},"end":{"line":44,"column":5}},"type":"if","locations":[{"start":{"line":34,"column":4},"end":{"line":44,"column":5}},{"start":{},"end":{}}],"line":34},"6":{"loc":{"start":{"line":49,"column":6},"end":{"line":52,"column":7}},"type":"if","locations":[{"start":{"line":49,"column":6},"end":{"line":52,"column":7}},{"start":{},"end":{}}],"line":49},"7":{"loc":{"start":{"line":49,"column":10},"end":{"line":49,"column":69}},"type":"binary-expr","locations":[{"start":{"line":49,"column":10},"end":{"line":49,"column":50}},{"start":{"line":49,"column":54},"end":{"line":49,"column":69}}],"line":49},"8":{"loc":{"start":{"line":55,"column":4},"end":{"line":57,"column":5}},"type":"if","locations":[{"start":{"line":55,"column":4},"end":{"line":57,"column":5}},{"start":{},"end":{}}],"line":55},"9":{"loc":{"start":{"line":73,"column":4},"end":{"line":78,"column":5}},"type":"if","locations":[{"start":{"line":73,"column":4},"end":{"line":78,"column":5}},{"start":{},"end":{}}],"line":73},"10":{"loc":{"start":{"line":87,"column":4},"end":{"line":89,"column":5}},"type":"if","locations":[{"start":{"line":87,"column":4},"end":{"line":89,"column":5}},{"start":{},"end":{}}],"line":87},"11":{"loc":{"start":{"line":93,"column":4},"end":{"line":96,"column":5}},"type":"if","locations":[{"start":{"line":93,"column":4},"end":{"line":96,"column":5}},{"start":{},"end":{}}],"line":93},"12":{"loc":{"start":{"line":93,"column":8},"end":{"line":94,"column":69}},"type":"binary-expr","locations":[{"start":{"line":93,"column":9},"end":{"line":93,"column":50}},{"start":{"line":93,"column":54},"end":{"line":93,"column":95}},{"start":{"line":94,"column":9},"end":{"line":94,"column":36}},{"start":{"line":94,"column":40},"end":{"line":94,"column":68}}],"line":93},"13":{"loc":{"start":{"line":100,"column":4},"end":{"line":107,"column":5}},"type":"if","locations":[{"start":{"line":100,"column":4},"end":{"line":107,"column":5}},{"start":{},"end":{}}],"line":100},"14":{"loc":{"start":{"line":124,"column":24},"end":{"line":124,"column":101}},"type":"cond-expr","locations":[{"start":{"line":124,"column":68},"end":{"line":124,"column":83}},{"start":{"line":124,"column":86},"end":{"line":124,"column":101}}],"line":124},"15":{"loc":{"start":{"line":131,"column":92},"end":{"line":131,"column":125}},"type":"cond-expr","locations":[{"start":{"line":131,"column":115},"end":{"line":131,"column":120}},{"start":{"line":131,"column":123},"end":{"line":131,"column":125}}],"line":131},"16":{"loc":{"start":{"line":163,"column":8},"end":{"line":165,"column":9}},"type":"if","locations":[{"start":{"line":163,"column":8},"end":{"line":165,"column":9}},{"start":{},"end":{}}],"line":163},"17":{"loc":{"start":{"line":163,"column":12},"end":{"line":163,"column":67}},"type":"binary-expr","locations":[{"start":{"line":163,"column":12},"end":{"line":163,"column":48}},{"start":{"line":163,"column":52},"end":{"line":163,"column":67}}],"line":163},"18":{"loc":{"start":{"line":184,"column":4},"end":{"line":186,"column":5}},"type":"if","locations":[{"start":{"line":184,"column":4},"end":{"line":186,"column":5}},{"start":{},"end":{}}],"line":184},"19":{"loc":{"start":{"line":189,"column":4},"end":{"line":191,"column":5}},"type":"if","locations":[{"start":{"line":189,"column":4},"end":{"line":191,"column":5}},{"start":{},"end":{}}],"line":189},"20":{"loc":{"start":{"line":196,"column":6},"end":{"line":199,"column":7}},"type":"if","locations":[{"start":{"line":196,"column":6},"end":{"line":199,"column":7}},{"start":{},"end":{}}],"line":196},"21":{"loc":{"start":{"line":196,"column":10},"end":{"line":196,"column":65}},"type":"binary-expr","locations":[{"start":{"line":196,"column":10},"end":{"line":196,"column":46}},{"start":{"line":196,"column":50},"end":{"line":196,"column":65}}],"line":196},"22":{"loc":{"start":{"line":202,"column":4},"end":{"line":204,"column":5}},"type":"if","locations":[{"start":{"line":202,"column":4},"end":{"line":204,"column":5}},{"start":{},"end":{}}],"line":202}},"s":{"0":3,"1":3,"2":3,"3":3,"4":3,"5":3,"6":3,"7":0,"8":0,"9":0,"10":0,"11":0,"12":0,"13":0,"14":0,"15":0,"16":0,"17":0,"18":0,"19":0,"20":0,"21":0,"22":0,"23":0,"24":0,"25":0,"26":0,"27":0,"28":0,"29":0,"30":0,"31":0,"32":0,"33":3,"34":0,"35":0,"36":0,"37":0,"38":0,"39":0,"40":0,"41":0,"42":0,"43":0,"44":0,"45":0,"46":0,"47":0,"48":0,"49":0,"50":0,"51":0,"52":0,"53":0,"54":0,"55":0,"56":0,"57":0,"58":0,"59":0,"60":0,"61":0,"62":3,"63":0,"64":0,"65":0,"66":0,"67":0,"68":0,"69":0,"70":0,"71":0,"72":0,"73":0,"74":3,"75":0,"76":0,"77":0,"78":0,"79":0,"80":0,"81":0,"82":0,"83":0,"84":0,"85":0,"86":0,"87":0,"88":0,"89":0,"90":0,"91":0,"92":0,"93":0,"94":3},"f":{"0":0,"1":0,"2":0,"3":0,"4":0,"5":0,"6":0,"7":0,"8":0},"b":{"0":[0,0],"1":[0,0],"2":[0,0],"3":[0,0],"4":[0,0],"5":[0,0],"6":[0,0],"7":[0,0],"8":[0,0],"9":[0,0],"10":[0,0],"11":[0,0],"12":[0,0,0,0],"13":[0,0],"14":[0,0],"15":[0,0],"16":[0,0],"17":[0,0],"18":[0,0],"19":[0,0],"20":[0,0],"21":[0,0],"22":[0,0]},"_coverageSchema":"1a1c01bbd47fc00a2c39e90264f33305004495a9","hash":"1bc2bf6be0363f050ee384a16719787ccfe9c670"}
,"C:\\Users\\user\\CS316\\my-first-project\\routes\\items.js": {"path":"C:\\Users\\user\\CS316\\my-first-project\\routes\\items.js","statementMap":{"0":{"start":{"line":1,"column":16},"end":{"line":1,"column":34}},"1":{"start":{"line":2,"column":15},"end":{"line":2,"column":32}},"2":{"start":{"line":3,"column":13},"end":{"line":3,"column":28}},"3":{"start":{"line":4,"column":11},"end":{"line":4,"column":24}},"4":{"start":{"line":5,"column":42},"end":{"line":5,"column":70}},"5":{"start":{"line":6,"column":13},"end":{"line":6,"column":38}},"6":{"start":{"line":7,"column":13},"end":{"line":7,"column":38}},"7":{"start":{"line":8,"column":21},"end":{"line":8,"column":47}},"8":{"start":{"line":9,"column":31},"end":{"line":9,"column":60}},"9":{"start":{"line":11,"column":15},"end":{"line":11,"column":31}},"10":{"start":{"line":14,"column":16},"end":{"line":26,"column":2}},"11":{"start":{"line":16,"column":23},"end":{"line":16,"column":38}},"12":{"start":{"line":17,"column":4},"end":{"line":19,"column":5}},"13":{"start":{"line":18,"column":6},"end":{"line":18,"column":52}},"14":{"start":{"line":20,"column":4},"end":{"line":20,"column":25}},"15":{"start":{"line":23,"column":25},"end":{"line":23,"column":75}},"16":{"start":{"line":24,"column":4},"end":{"line":24,"column":84}},"17":{"start":{"line":28,"column":15},"end":{"line":45,"column":2}},"18":{"start":{"line":35,"column":25},"end":{"line":35,"column":48}},"19":{"start":{"line":36,"column":20},"end":{"line":36,"column":84}},"20":{"start":{"line":37,"column":21},"end":{"line":37,"column":53}},"21":{"start":{"line":39,"column":4},"end":{"line":43,"column":5}},"22":{"start":{"line":40,"column":6},"end":{"line":40,"column":28}},"23":{"start":{"line":42,"column":6},"end":{"line":42,"column":47}},"24":{"start":{"line":48,"column":0},"end":{"line":135,"column":3}},"25":{"start":{"line":57,"column":2},"end":{"line":134,"column":3}},"26":{"start":{"line":58,"column":19},"end":{"line":58,"column":40}},"27":{"start":{"line":59,"column":4},"end":{"line":64,"column":5}},"28":{"start":{"line":60,"column":6},"end":{"line":63,"column":9}},"29":{"start":{"line":66,"column":17},"end":{"line":66,"column":46}},"30":{"start":{"line":67,"column":18},"end":{"line":67,"column":49}},"31":{"start":{"line":68,"column":17},"end":{"line":68,"column":35}},"32":{"start":{"line":71,"column":19},"end":{"line":71,"column":39}},"33":{"start":{"line":73,"column":4},"end":{"line":75,"column":5}},"34":{"start":{"line":74,"column":6},"end":{"line":74,"column":43}},"35":{"start":{"line":77,"column":4},"end":{"line":79,"column":5}},"36":{"start":{"line":78,"column":6},"end":{"line":78,"column":64}},"37":{"start":{"line":81,"column":4},"end":{"line":83,"column":5}},"38":{"start":{"line":82,"column":6},"end":{"line":82,"column":72}},"39":{"start":{"line":85,"column":4},"end":{"line":87,"column":5}},"40":{"start":{"line":86,"column":6},"end":{"line":86,"column":51}},"41":{"start":{"line":90,"column":15},"end":{"line":90,"column":32}},"42":{"start":{"line":91,"column":4},"end":{"line":95,"column":5}},"43":{"start":{"line":92,"column":6},"end":{"line":92,"column":30}},"44":{"start":{"line":93,"column":11},"end":{"line":95,"column":5}},"45":{"start":{"line":94,"column":6},"end":{"line":94,"column":42}},"46":{"start":{"line":97,"column":18},"end":{"line":102,"column":13}},"47":{"start":{"line":104,"column":18},"end":{"line":104,"column":51}},"48":{"start":{"line":107,"column":29},"end":{"line":112,"column":7}},"49":{"start
[...]
ype":"if","locations":[{"start":{"line":73,"column":4},"end":{"line":82,"column":5}},{"start":{},"end":{}}],"line":73},"5":{"loc":{"start":{"line":75,"column":6},"end":{"line":77,"column":7}},"type":"if","locations":[{"start":{"line":75,"column":6},"end":{"line":77,"column":7}},{"start":{},"end":{}}],"line":75},"6":{"loc":{"start":{"line":85,"column":4},"end":{"line":90,"column":5}},"type":"if","locations":[{"start":{"line":85,"column":4},"end":{"line":90,"column":5}},{"start":{},"end":{}}],"line":85},"7":{"loc":{"start":{"line":86,"column":6},"end":{"line":88,"column":7}},"type":"if","locations":[{"start":{"line":86,"column":6},"end":{"line":88,"column":7}},{"start":{},"end":{}}],"line":86},"8":{"loc":{"start":{"line":95,"column":6},"end":{"line":97,"column":7}},"type":"if","locations":[{"start":{"line":95,"column":6},"end":{"line":97,"column":7}},{"start":{},"end":{}}],"line":95},"9":{"loc":{"start":{"line":101,"column":4},"end":{"line":107,"column":5}},"type":"if","locations":[{"start":{"line":101,"column":4},"end":{"line":107,"column":5}},{"start":{},"end":{}}],"line":101},"10":{"loc":{"start":{"line":101,"column":8},"end":{"line":101,"column":66}},"type":"binary-expr","locations":[{"start":{"line":101,"column":8},"end":{"line":101,"column":33}},{"start":{"line":101,"column":37},"end":{"line":101,"column":66}}],"line":101},"11":{"loc":{"start":{"line":104,"column":14},"end":{"line":104,"column":61}},"type":"binary-expr","locations":[{"start":{"line":104,"column":14},"end":{"line":104,"column":39}},{"start":{"line":104,"column":43},"end":{"line":104,"column":61}}],"line":104},"12":{"loc":{"start":{"line":105,"column":18},"end":{"line":105,"column":73}},"type":"binary-expr","locations":[{"start":{"line":105,"column":18},"end":{"line":105,"column":47}},{"start":{"line":105,"column":51},"end":{"line":105,"column":73}}],"line":105},"13":{"loc":{"start":{"line":110,"column":4},"end":{"line":112,"column":5}},"type":"if","locations":[{"start":{"line":110,"column":4},"end":{"line":112,"column":5}},{"start":{},"end":{}}],"line":110},"14":{"loc":{"start":{"line":113,"column":4},"end":{"line":115,"column":5}},"type":"if","locations":[{"start":{"line":113,"column":4},"end":{"line":115,"column":5}},{"start":{},"end":{}}],"line":113},"15":{"loc":{"start":{"line":118,"column":4},"end":{"line":126,"column":5}},"type":"if","locations":[{"start":{"line":118,"column":4},"end":{"line":126,"column":5}},{"start":{},"end":{}}],"line":118},"16":{"loc":{"start":{"line":120,"column":6},"end":{"line":123,"column":7}},"type":"if","locations":[{"start":{"line":120,"column":6},"end":{"line":123,"column":7}},{"start":{},"end":{}}],"line":120},"17":{"loc":{"start":{"line":140,"column":4},"end":{"line":142,"column":5}},"type":"if","locations":[{"start":{"line":140,"column":4},"end":{"line":142,"column":5}},{"start":{},"end":{}}],"line":140},"18":{"loc":{"start":{"line":155,"column":4},"end":{"line":160,"column":5}},"type":"if","locations":[{"start":{"line":155,"column":4},"end":{"line":160,"column":5}},{"start":{},"end":{}}],"line":155},"19":{"loc":{"start":{"line":162,"column":17},"end":{"line":162,"column":46}},"type":"binary-expr","locations":[{"start":{"line":162,"column":17},"end":{"line":162,"column":41}},{"start":{"line":162,"column":45},"end":{"line":162,"column":46}}],"line":162},"20":{"loc":{"start":{"line":163,"column":18},"end":{"line":163,"column":49}},"type":"binary-expr","locations":[{"start":{"line":163,"column":18},"end":{"line":163,"column":43}},{"start":{"line":163,"column":47},"end":{"line":163,"column":49}}],"line":163},"21":{"loc":{"start":{"line":167,"column":4},"end":{"line":169,"column":5}},"type":"if","locations":[{"start":{"line":167,"column":4},"end":{"line":169,"column":5}},{"start":{},"end":{}}],"line":167},"22":{"loc":{"start":{"line":215,"column":4},"end":{"line":220,"column":5}},"type":"if","locations":[{"start":{"line":215,"column":4},"end":{"line":220,"column":5}},{"start":{},"end":{}}],"line":215},"23":{"loc":{"start":{"line":222,"column":17},"end":{"line":222,"column":46}},"type":"binary-expr","locations":[{"start":{"line":222,"column":17},"end":{"line":222,"column":41}},{"start":{"line":222,"column":45},"end":{"line":222,"column":46}}],"line":222},"24":{"loc":{"start":{"line":223,"column":18},"end":{"line":223,"column":49}},"type":"binary-expr","locations":[{"start":{"line":223,"column":18},"end":{"line":223,"column":43}},{"start":{"line":223,"column":47},"end":{"line":223,"column":49}}],"line":223},"25":{"loc":{"start":{"line":334,"column":4},"end":{"line":336,"column":5}},"type":"if","locations":[{"start":{"line":334,"column":4},"end":{"line":336,"column":5}},{"start":{},"end":{}}],"line":334},"26":{"loc":{"start":{"line":342,"column":4},"end":{"line":347,"column":5}},"type":"if","locations":[{"start":{"line":342,"column":4},"end":{"line":347,"column":5}},{"start":{},"end":{}}],"line":342},"27":{"loc":{"start":{"line":352,"column":4},"end":{"line":354,"column":5}},"type":"if","locations":[{"start":{"line":352,"column":4},"end":{"line":354,"column":5}},{"start":{},"end":{}}],"line":352},"28":{"loc":{"start":{"line":358,"column":4},"end":{"line":360,"column":5}},"type":"if","locations":[{"start":{"line":358,"column":4},"end":{"line":360,"column":5}},{"start":{},"end":{}}],"line":358},"29":{"loc":{"start":{"line":380,"column":4},"end":{"line":385,"column":5}},"type":"if","locations":[{"start":{"line":380,"column":4},"end":{"line":385,"column":5}},{"start":{},"end":{}}],"line":380},"30":{"loc":{"start":{"line":391,"column":4},"end":{"line":393,"column":5}},"type":"if","locations":[{"start":{"line":391,"column":4},"end":{"line":393,"column":5}},{"start":{},"end":{}}],"line":391},"31":{"loc":{"start":{"line":397,"column":4},"end":{"line":399,"column":5}},"type":"if","locations":[{"start":{"line":397,"column":4},"end":{"line":399,"column":5}},{"start":{},"end":{}}],"line":397},"32":{"loc":{"start":{"line":428,"column":4},"end":{"line":431,"column":5}},"type":"if","locations":[{"start":{"line":428,"column":4},"end":{"line":431,"column":5}},{"start":{},"end":{}}],"line":428},"33":{"loc":{"start":{"line":452,"column":4},"end":{"line":454,"column":5}},"type":"if","locations":[{"start":{"line":452,"column":4},"end":{"line":454,"column":5}},{"start":{},"end":{}}],"line":452},"34":{"loc":{"start":{"line":479,"column":4},"end":{"line":484,"column":5}},"type":"if","locations":[{"start":{"line":479,"column":4},"end":{"line":484,"column":5}},{"start":{},"end":{}}],"line":479},"35":{"loc":{"start":{"line":487,"column":17},"end":{"line":487,"column":46}},"type":"binary-expr","locations":[{"start":{"line":487,"column":17},"end":{"line":487,"column":41}},{"start":{"line":487,"column":45},"end":{"line":487,"column":46}}],"line":487},"36":{"loc":{"start":{"line":488,"column":18},"end":{"line":488,"column":49}},"type":"binary-expr","locations":[{"start":{"line":488,"column":18},"end":{"line":488,"column":43}},{"start":{"line":488,"column":47},"end":{"line":488,"column":49}}],"line":488}},"s":{"0":3,"1":3,"2":3,"3":3,"4":3,"5":3,"6":3,"7":3,"8":3,"9":3,"10":3,"11":0,"12":0,"13":0,"14":0,"15":0,"16":0,"17":3,"18":0,"19":0,"20":0,"21":0,"22":0,"23":0,"24":3,"25":0,"26":0,"27":0,"28":0,"29":0,"30":0,"31":0,"32":3,"33":0,"34":0,"35":0,"36":0,"37":0,"38":0,"39":0,"40":0,"41":0,"42":0,"43":0,"44":0,"45":0,"46":0,"47":0,"48":0,"49":0,"50":0,"51":0,"52":0,"53":0,"54":0,"55":0,"56":0,"57":0,"58":0,"59":0,"60":0,"61":0,"62":0,"63":0,"64":0,"65":0,"66":3,"67":0,"68":0,"69":0,"70":0,"71":0,"72":0,"73":0,"74":0,"75":0,"76":0,"77":0,"78":0,"79":0,"80":0,"81":0,"82":0,"83":0,"84":0,"85":3,"86":0,"87":0,"88":0,"89":0,"90":0,"91":0,"92":0,"93":0,"94":0,"95":0,"96":0,"97":0,"98":3,"99":0,"100":0,"101":0,"102":0,"103":0,"104":0,"105":0,"106":0,"107":0,"108":3,"109":0,"110":0,"111":0,"112":0,"113":0,"114":0,"115":0,"116":0,"117":0,"118":0,"119":0,"120":0,"121":0,"122":0,"123":0,"124":0,"125":0,"126":0,"127":0,"128":3,"129":0,"130":0,"131":0,"132":0,"133":0,"134":0,"135":0,"136":0,"137":0,"138":0,"139":0,"140":0,"141":0,"142":0,"143":0,"144":0,"145":0,"146":0,"147":0,"148":0,"149":0,"150":0,"151":0,"152":0,"153":0,"154":0,"155":0,"156":0,"157":0,"158":0,"159":0,"160":0,"161":3,"162":0,"163":0,"164":0,"165":0,"166":0,"167":0,"168":0,"169":0,"170":0,"171":3,"172":0,"173":0,"174":0,"175":0,"176":0,"177":0,"178":0,"179":0,"180":0,"181":0,"182":0,"183":0,"184":0,"185":3},"f":{"0":0,"1":0,"2":0,"3":0,"4":0,"5":0,"6":0,"7":0,"8":0,"9":0,"10":0,"11":0,"12":0,"13":0,"14":0,"15":0,"16":0,"17":0,"18":0,"19":0,"20":0,"21":0,"22":0,"23":0,"24":0},"b":{"0":[0,0],"1":[0,0],"2":[0,0],"3":[0,0],"4":[0,0],"5":[0,0],"6":[0,0],"7":[0,0],"8":[0,0],"9":[0,0],"10":[0,0],"11":[0,0],"12":[0,0],"13":[0,0],"14":[0,0],"15":[0,0],"16":[0,0],"17":[0,0],"18":[0,0],"19":[0,0],"20":[0,0],"21":[0,0],"22":[0,0],"23":[0,0],"24":[0,0],"25":[0,0],"26":[0,0],"27":[0,0],"28":[0,0],"29":[0,0],"30":[0,0],"31":[0,0],"32":[0,0],"33":[0,0],"34":[0,0],"35":[0,0],"36":[0,0]},"_coverageSchema":"1a1c01bbd47fc00a2c39e90264f33305004495a9","hash":"639f3c7cfa230aae504d034ff889b0fe0edbee41"}
,"C:\\Users\\user\\CS316\\my-first-project\\services\\itemService.js": {"path":"C:\\Users\\user\\CS316\\my-first-project\\services\\itemService.js","statementMap":{"0":{"start":{"line":7,"column":2},"end":{"line":9,"column":3}},"1":{"start":{"line":8,"column":4},"end":{"line":8,"column":46}},"2":{"start":{"line":11,"column":2},"end":{"line":15,"column":4}},"3":{"start":{"line":13,"column":33},"end":{"line":13,"column":60}},"4":{"start":{"line":14,"column":33},"end":{"line":14,"column":57}},"5":{"start":{"line":25,"column":2},"end":{"line":27,"column":3}},"6":{"start":{"line":26,"column":4},"end":{"line":26,"column":46}},"7":{"start":{"line":29,"column":2},"end":{"line":31,"column":3}},"8":{"start":{"line":30,"column":4},"end":{"line":30,"column":17}},"9":{"start":{"line":33,"column":2},"end":{"line":33,"column":58}},"10":{"start":{"line":33,"column":30},"end":{"line":33,"column":56}},"11":{"start":{"line":36,"column":0},"end":{"line":39,"column":2}}},"fnMap":{"0":{"name":"calculateItemStats","decl":{"start":{"line":6,"column":9},"end":{"line":6,"column":27}},"loc":{"start":{"line":6,"column":35},"end":{"line":16,"column":1}},"line":6},"1":{"name":"(anonymous_1)","decl":{"start":{"line":13,"column":25},"end":{"line":13,"column":26}},"loc":{"start":{"line":13,"column":33},"end":{"line":13,"column":60}},"line":13},"2":{"name":"(anonymous_2)","decl":{"start":{"line":14,"column":25},"end":{"line":14,"column":26}},"loc":{"start":{"line":14,"column":33},"end":{"line":14,"column":57}},"line":14},"3":{"name":"filterItemsByCategory","decl":{"start":{"line":24,"column":9},"end":{"line":24,"column":30}},"loc":{"start":{"line":24,"column":48},"end":{"line":34,"column":1}},"line":24},"4":{"name":"(anonymous_4)","decl":{"start":{"line":33,"column":22},"end":{"line":33,"column":23}},"loc":{"start":{"line":33,"column":30},"end":{"line":33,"column":56}},"line":33}},"branchMap":{"0":{"loc":{"start":{"line":7,"column":2},"end":{"line":9,"column":3}},"type":"if","locations":[{"start":{"line":7,"column":2},"end":{"line":9,"column":3}},{"start":{},"end":{}}],"line":7},"1":{"loc":{"start":{"line":25,"column":2},"end":{"line":27,"column":3}},"type":"if","locations":[{"start":{"line":25,"column":2},"end":{"line":27,"column":3}},{"start":{},"end":{}}],"line":25},"2":{"loc":{"start":{"line":29,"column":2},"end":{"line":31,"column":3}},"type":"if","locations":[{"start":{"line":29,"column":2},"end":{"line":31,"column":3}},{"start":{},"end":{}}],"line":29},"3":{"loc":{"start":{"line":29,"column":6},"end":{"line":29,"column":37}},"type":"binary-expr","locations":[{"start":{"line":29,"column":6},"end":{"line":29,"column":15}},{"start":{"line":29,"column":19},"end":{"line":29,"column":37}}],"line":29}},"s":{"0":2,"1":0,"2":2,"3":3,"4":3,"5":3,"6":0,"7":3,"8":1,"9":2,"10":6,"11":1},"f":{"0":2,"1":3,"2":3,"3":3,"4":6},"b":{"0":[0,2],"1":[0,3],"2":[1,2],"3":[3,3]},"_coverageSchema":"1a1c01bbd47fc00a2c39e90264f33305004495a9","hash":"079bb7a6a5c2b7d2dbc7eea10c8169cce5d26471"}
,"C:\\Users\\user\\CS316\\my-first-project\\utils\\email.js": {"path":"C:\\Users\\user\\CS316\\my-first-project\\utils\\email.js","statementMap":{"0":{"start":{"line":1,"column":19},"end":{"line":1,"column":40}},"1":{"start":{"line":4,"column":26},"end":{"line":14,"column":1}},"2":{"start":{"line":5,"column":2},"end":{"line":13,"column":5}},"3":{"start":{"line":17,"column":30},"end":{"line":48,"column":1}},"4":{"start":{"line":18,"column":22},"end":{"line":18,"column":41}},"5":{"start":{"line":20,"column":22},"end":{"line":45,"column":3}},"6":{"start":{"line":47,"column":2},"end":{"line":47,"column":42}},"7":{"start":{"line":51,"column":31},"end":{"line":85,"column":1}},"8":{"start":{"line":52,"column":22},"end":{"line":52,"column":41}},"9":{"start":{"line":54,"column":22},"end":{"line":82,"column":3}},"10":{"start":{"line":84,"column":2},"end":{"line":84,"column":42}},"11":{"start":{"line":88,"column":30},"end":{"line":109,"column":1}},"12":{"start":{"line":89,"column":22},"end":{"line":89,"column":41}},"13":{"start":{"line":91,"column":22},"end":{"line":106,"column":3}},"14":{"start":{"line":108,"column":2},"end":{"line":108,"column":42}},"15":{"start":{"line":112,"column":30},"end":{"line":120,"column":1}},"16":{"start":{"line":113,"column":18},"end":{"line":117,"column":3}},"17":{"start":{"line":119,"column":2},"end":{"line":119,"column":79}},"18":{"start":{"line":122,"column":0},"end":{"line":127,"column":2}}},"fnMap":{"0":{"name":"(anonymous_0)","decl":{"start":{"line":4,"column":26},"end":{"line":4,"column":27}},"loc":{"start":{"line":4,"column":32},"end":{"line":14,"column":1}},"line":4},"1":{"name":"(anonymous_1)","decl":{"start":{"line":17,"column":30},"end":{"line":17,"column":31}},"loc":{"start":{"line":17,"column":70},"end":{"line":48,"column":1}},"line":17},"2":{"name":"(anonymous_2)","decl":{"start":{"line":51,"column":31},"end":{"line":51,"column":32}},"loc":{"start":{"line":51,"column":64},"end":{"line":85,"column":1}},"line":51},"3":{"name":"(anonymous_3)","decl":{"start":{"line":88,"column":30},"end":{"line":88,"column":31}},"loc":{"start":{"line":88,"column":71},"end":{"line":109,"column":1}},"line":88},"4":{"name":"(anonymous_4)","decl":{"start":{"line":112,"column":30},"end":{"line":112,"column":31}},"loc":{"start":{"line":112,"column":78},"end":{"line":120,"column":1}},"line":112}},"branchMap":{},"s":{"0":3,"1":3,"2":1,"3":3,"4":0,"5":0,"6":0,"7":3,"8":1,"9":0,"10":0,"11":3,"12":0,"13":0,"14":0,"15":3,"16":0,"17":0,"18":3},"f":{"0":1,"1":0,"2":1,"3":0,"4":0},"b":{},"_coverageSchema":"1a1c01bbd47fc00a2c39e90264f33305004495a9","hash":"ba6a2c3b1b3f6115c6fd08fdf85610071ab43de1"}
,"C:\\Users\\user\\CS316\\my-first-project\\utils\\sum.js": {"path":"C:\\Users\\user\\CS316\\my-first-project\\utils\\sum.js","statementMap":{"0":{"start":{"line":13,"column":2},"end":{"line":15,"column":3}},"1":{"start":{"line":14,"column":4},"end":{"line":14,"column":51}},"2":{"start":{"line":18,"column":2},"end":{"line":20,"column":3}},"3":{"start":{"line":19,"column":4},"end":{"line":19,"column":49}},"4":{"start":{"line":23,"column":2},"end":{"line":25,"column":3}},"5":{"start":{"line":24,"column":4},"end":{"line":24,"column":49}},"6":{"start":{"line":27,"column":2},"end":{"line":27,"column":15}},"7":{"start":{"line":30,"column":0},"end":{"line":30,"column":21}}},"fnMap":{"0":{"name":"sum","decl":{"start":{"line":11,"column":9},"end":{"line":11,"column":12}},"loc":{"start":{"line":11,"column":19},"end":{"line":28,"column":1}},"line":11}},"branchMap":{"0":{"loc":{"start":{"line":13,"column":2},"end":{"line":15,"column":3}},"type":"if","locations":[{"start":{"line":13,"column":2},"end":{"line":15,"column":3}},{"start":{},"end":{}}],"line":13},"1":{"loc":{"start":{"line":18,"column":2},"end":{"line":20,"column":3}},"type":"if","locations":[{"start":{"line":18,"column":2},"end":{"line":20,"column":3}},{"start":{},"end":{}}],"line":18},"2":{"loc":{"start":{"line":18,"column":6},"end":{"line":18,"column":52}},"type":"binary-expr","locations":[{"start":{"line":18,"column":6},"end":{"line":18,"column":27}},{"start":{"line":18,"column":31},"end":{"line":18,"column":52}}],"line":18},"3":{"loc":{"start":{"line":23,"column":2},"end":{"line":25,"column":3}},"type":"if","locations":[{"start":{"line":23,"column":2},"end":{"line":25,"column":3}},{"start":{},"end":{}}],"line":23},"4":{"loc":{"start":{"line":23,"column":6},"end":{"line":23,"column":26}},"type":"binary-expr","locations":[{"start":{"line":23,"column":6},"end":{"line":23,"column":14}},{"start":{"line":23,"column":18},"end":{"line":23,"column":26}}],"line":23}},"s":{"0":9,"1":2,"2":7,"3":4,"4":3,"5":0,"6":3,"7":1},"f":{"0":9},"b":{"0":[2,7],"1":[4,3],"2":[7,4],"3":[0,3],"4":[3,3]},"_coverageSchema":"1a1c01bbd47fc00a2c39e90264f33305004495a9","hash":"caa1b2bb54a848578cddf6f2e0d852f7db2339e1"}
,"C:\\Users\\user\\CS316\\my-first-project\\utils\\validators.js": {"path":"C:\\Users\\user\\CS316\\my-first-project\\utils\\validators.js","statementMap":{"0":{"start":{"line":7,"column":2},"end":{"line":9,"column":3}},"1":{"start":{"line":8,"column":4},"end":{"line":8,"column":17}},"2":{"start":{"line":11,"column":21},"end":{"line":11,"column":49}},"3":{"start":{"line":12,"column":2},"end":{"line":12,"column":32}},"4":{"start":{"line":21,"column":2},"end":{"line":23,"column":3}},"5":{"start":{"line":22,"column":4},"end":{"line":22,"column":17}},"6":{"start":{"line":25,"column":21},"end":{"line":25,"column":33}},"7":{"start":{"line":26,"column":2},"end":{"line":26,"column":32}},"8":{"start":{"line":35,"column":2},"end":{"line":37,"column":3}},"9":{"start":{"line":36,"column":4},"end":{"line":36,"column":17}},"10":{"start":{"line":39,"column":2},"end":{"line":39,"column":30}},"11":{"start":{"line":42,"column":0},"end":{"line":46,"column":2}}},"fnMap":{"0":{"name":"validateEmail","decl":{"start":{"line":6,"column":9},"end":{"line":6,"column":22}},"loc":{"start":{"line":6,"column":30},"end":{"line":13,"column":1}},"line":6},"1":{"name":"validatePhone","decl":{"start":{"line":20,"column":9},"end":{"line":20,"column":22}},"loc":{"start":{"line":20,"column":30},"end":{"line":27,"column":1}},"line":20},"2":{"name":"validatePassword","decl":{"start":{"line":34,"column":9},"end":{"line":34,"column":25}},"loc":{"start":{"line":34,"column":36},"end":{"line":40,"column":1}},"line":34}},"branchMap":{"0":{"loc":{"start":{"line":7,"column":2},"end":{"line":9,"column":3}},"type":"if","locations":[{"start":{"line":7,"column":2},"end":{"line":9,"column":3}},{"start":{},"end":{}}],"line":7},"1":{"loc":{"start":{"line":7,"column":6},"end":{"line":7,"column":41}},"type":"binary-expr","locations":[{"start":{"line":7,"column":6},"end":{"line":7,"column":12}},{"start":{"line":7,"column":16},"end":{"line":7,"column":41}}],"line":7},"2":{"loc":{"start":{"line":21,"column":2},"end":{"line":23,"column":3}},"type":"if","locations":[{"start":{"line":21,"column":2},"end":{"line":23,"column":3}},{"start":{},"end":{}}],"line":21},"3":{"loc":{"start":{"line":21,"column":6},"end":{"line":21,"column":41}},"type":"binary-expr","locations":[{"start":{"line":21,"column":6},"end":{"line":21,"column":12}},{"start":{"line":21,"column":16},"end":{"line":21,"column":41}}],"line":21},"4":{"loc":{"start":{"line":35,"column":2},"end":{"line":37,"column":3}},"type":"if","locations":[{"start":{"line":35,"column":2},"end":{"line":37,"column":3}},{"start":{},"end":{}}],"line":35},"5":{"loc":{"start":{"line":35,"column":6},"end":{"line":35,"column":47}},"type":"binary-expr","locations":[{"start":{"line":35,"column":6},"end":{"line":35,"column":15}},{"start":{"line":35,"column":19},"end":{"line":35,"column":47}}],"line":35}},"s":{"0":8,"1":3,"2":5,"3":5,"4":5,"5":1,"6":4,"7":4,"8":6,"9":2,"10":4,"11":1},"f":{"0":8,"1":5,"2":6},"b":{"0":[3,5],"1":[8,5],"2":[1,4],"3":[5,4],"4":[2,4],"5":[6,4]},"_coverageSchema":"1a1c01bbd47fc00a2c39e90264f33305004495a9","hash":"bae53aa4f39661b021d878c923735064048d3033"}
}
