TN:
SF:.eslintrc.js
FNF:0
FNH:0
DA:1,0
LF:1
LH:0
BRF:0
BRH:0
end_of_record
TN:
SF:server.js
FN:72,(anonymous_0)
FN:73,(anonymous_1)
FN:85,(anonymous_2)
FN:90,(anonymous_3)
FN:99,(anonymous_4)
FN:109,(anonymous_5)
FNF:6
FNH:1
FNDA:3,(anonymous_0)
FNDA:0,(anonymous_1)
FNDA:0,(anonymous_2)
FNDA:0,(anonymous_3)
FNDA:0,(anonymous_4)
FNDA:0,(anonymous_5)
DA:1,3
DA:2,3
DA:3,3
DA:4,3
DA:5,3
DA:6,3
DA:7,3
DA:9,3
DA:10,3
DA:11,3
DA:12,3
DA:13,3
DA:14,3
DA:15,3
DA:17,3
DA:20,3
DA:48,3
DA:54,3
DA:58,3
DA:61,3
DA:62,3
DA:65,3
DA:68,3
DA:71,3
DA:72,3
DA:73,0
DA:76,3
DA:77,3
DA:78,3
DA:79,3
DA:80,3
DA:81,3
DA:82,3
DA:85,3
DA:86,0
DA:90,3
DA:91,0
DA:92,0
DA:99,3
DA:100,0
DA:104,3
DA:107,3
DA:108,0
DA:109,0
DA:110,0
LF:45
LH:37
BRDA:44,0,0,0
BRDA:44,0,1,3
BRDA:49,1,0,0
BRDA:49,1,1,3
BRDA:71,2,0,3
BRDA:71,2,1,0
BRDA:94,3,0,0
BRDA:94,3,1,0
BRDA:107,4,0,0
BRDA:107,4,1,3
BRDA:108,5,0,0
BRDA:108,5,1,0
BRF:12
BRH:4
end_of_record
TN:
SF:middleware\auth.js
FN:4,(anonymous_0)
FN:35,(anonymous_1)
FN:43,(anonymous_2)
FNF:3
FNH:1
FNDA:10,(anonymous_0)
FNDA:0,(anonymous_1)
FNDA:0,(anonymous_2)
DA:1,3
DA:2,3
DA:4,3
DA:5,10
DA:6,10
DA:8,10
DA:9,3
DA:12,7
DA:15,5
DA:16,5
DA:17,0
DA:21,5
DA:22,0
DA:25,5
DA:26,5
DA:27,5
DA:29,2
DA:30,2
DA:35,3
DA:36,0
DA:37,0
DA:39,0
DA:43,3
DA:44,0
DA:45,0
DA:47,0
DA:48,0
DA:49,0
DA:51,0
DA:52,0
DA:53,0
DA:57,0
DA:60,0
DA:64,3
LF:34
LH:19
BRDA:8,0,0,3
BRDA:8,0,1,7
BRDA:16,1,0,0
BRDA:16,1,1,5
BRDA:21,2,0,0
BRDA:21,2,1,5
BRDA:36,3,0,0
BRDA:36,3,1,0
BRDA:47,4,0,0
BRDA:47,4,1,0
BRDA:51,5,0,0
BRDA:51,5,1,0
BRDA:51,6,0,0
BRDA:51,6,1,0
BRF:14
BRH:4
end_of_record
TN:
SF:models\Item.js
FN:100,(anonymous_0)
FNF:1
FNH:1
FNDA:47,(anonymous_0)
DA:1,3
DA:3,3
DA:101,47
DA:109,3
DA:110,3
DA:111,3
DA:112,3
DA:113,3
DA:115,3
LF:9
LH:9
BRF:0
BRH:0
end_of_record
TN:
SF:models\Offer.js
FN:59,(anonymous_0)
FNF:1
FNH:0
FNDA:0,(anonymous_0)
DA:1,3
DA:3,3
DA:60,0
DA:68,3
DA:69,3
DA:70,3
DA:71,3
DA:73,3
LF:8
LH:7
BRF:0
BRH:0
end_of_record
TN:
SF:models\Report.js
FNF:0
FNH:0
DA:1,3
DA:3,3
DA:74,3
DA:75,3
DA:76,3
DA:78,3
LF:6
LH:6
BRF:0
BRH:0
end_of_record
TN:
SF:models\User.js
FN:89,(anonymous_0)
FN:102,(anonymous_1)
FNF:2
FNH:2
FNDA:90,(anonymous_0)
FNDA:4,(anonymous_1)
DA:1,3
DA:2,3
DA:4,3
DA:89,3
DA:90,90
DA:92,89
DA:93,89
DA:94,89
DA:95,89
DA:97,0
DA:102,3
DA:103,4
DA:106,3
LF:13
LH:12
BRDA:90,0,0,1
BRDA:90,0,1,89
BRF:2
BRH:2
end_of_record
TN:
SF:models\index.js
FNF:0
FNH:0
DA:1,3
DA:4,3
DA:45,3
DA:70,3
DA:87,3
DA:88,3
DA:89,3
DA:91,3
LF:8
LH:8
BRF:0
BRH:0
end_of_record
TN:
SF:routes\admin.js
FN:17,(anonymous_0)
FN:125,(anonymous_1)
FN:191,(anonymous_2)
FN:275,(anonymous_3)
FN:335,(anonymous_4)
FN:369,(anonymous_5)
FN:385,(anonymous_6)
FN:430,(anonymous_7)
FN:464,(anonymous_8)
FN:470,(anonymous_9)
FN:488,(anonymous_10)
FN:520,(anonymous_11)
FN:580,(anonymous_12)
FN:644,(anonymous_13)
FN:659,(anonymous_14)
FNF:15
FNH:0
FNDA:0,(anonymous_0)
FNDA:0,(anonymous_1)
FNDA:0,(anonymous_2)
FNDA:0,(anonymous_3)
FNDA:0,(anonymous_4)
FNDA:0,(anonymous_5)
FNDA:0,(anonymous_6)
FNDA:0,(anonymous_7)
FNDA:0,(anonymous_8)
FNDA:0,(anonymous_9)
FNDA:0,(anonymous_10)
FNDA:0,(anonymous_11)
FNDA:0,(anonymous_12)
FNDA:0,(anonymous_13)
FNDA:0,(anonymous_14)
DA:1,3
DA:2,3
DA:3,3
DA:4,3
DA:5,3
DA:6,3
DA:7,3
DA:8,3
DA:9,3
DA:11,3
DA:14,3
DA:17,3
DA:18,0
DA:19,0
DA:20,0
DA:21,0
DA:32,0
DA:50,0
DA:60,0
DA:68,0
DA:74,0
DA:80,0
DA:87,0
DA:113,0
DA:114,0
DA:119,3
DA:126,0
DA:127,0
DA:128,0
DA:129,0
DA:135,0
DA:136,0
DA:137,0
DA:140,0
DA:141,0
DA:142,0
DA:143,0
DA:150,0
DA:151,0
DA:153,0
DA:154,0
DA:156,0
DA:157,0
DA:159,0
DA:160,0
DA:163,0
DA:169,0
DA:171,0
DA:182,0
DA:183,0
DA:188,3
DA:192,0
DA:193,0
DA:194,0
DA:195,0
DA:201,0
DA:202,0
DA:204,0
DA:205,0
DA:206,0
DA:210,0
DA:211,0
DA:214,0
DA:215,0
DA:216,0
DA:219,0
DA:220,0
DA:222,0
DA:224,0
DA:225,0
DA:226,0
DA:228,0
DA:229,0
DA:230,0
DA:232,0
DA:233,0
DA:234,0
DA:236,0
DA:239,0
DA:240,0
DA:241,0
DA:248,0
DA:252,0
DA:262,0
DA:263,0
DA:268,3
DA:276,0
DA:277,0
DA:278,0
DA:279,0
DA:285,0
DA:286,0
DA:287,0
DA:290,0
DA:291,0
DA:292,0
DA:293,0
DA:294,0
DA:298,0
DA:299,0
DA:301,0
DA:302,0
DA:304,0
DA:305,0
DA:308,0
DA:314,0
DA:316,0
DA:327,0
DA:328,0
DA:333,3
DA:336,0
DA:337,0
DA:338,0
DA:340,0
DA:341,0
DA:342,0
DA:346,0
DA:347,0
DA:350,0
DA:351,0
DA:358,0
DA:361,0
DA:363,0
DA:364,0
DA:369,3
DA:370,0
DA:371,0
DA:372,0
DA:374,0
DA:375,0
DA:379,3
DA:386,0
DA:387,0
DA:388,0
DA:389,0
DA:395,0
DA:398,0
DA:399,0
DA:400,0
DA:403,0
DA:411,0
DA:413,0
DA:418,0
DA:419,0
DA:423,3
DA:431,0
DA:432,0
DA:433,0
DA:434,0
DA:440,0
DA:441,0
DA:443,0
DA:449,0
DA:450,0
DA:453,0
DA:458,0
DA:459,0
DA:464,3
DA:465,0
DA:466,0
DA:469,0
DA:470,0
DA:471,0
DA:478,0
DA:480,0
DA:481,0
DA:485,3
DA:489,0
DA:490,0
DA:491,0
DA:492,0
DA:498,0
DA:499,0
DA:501,0
DA:507,0
DA:512,0
DA:513,0
DA:518,3
DA:521,0
DA:522,0
DA:523,0
DA:524,0
DA:527,0
DA:549,0
DA:559,0
DA:566,0
DA:573,0
DA:574,0
DA:578,3
DA:581,0
DA:582,0
DA:583,0
DA:584,0
DA:587,0
DA:609,0
DA:622,0
DA:631,0
DA:638,0
DA:639,0
DA:644,3
DA:645,0
DA:646,0
DA:650,0
DA:651,0
DA:652,0
DA:654,0
DA:655,0
DA:659,3
DA:660,0
DA:661,0
DA:666,0
DA:667,0
DA:668,0
DA:670,0
DA:671,0
DA:675,3
LF:216
LH:26
BRDA:128,0,0,0
BRDA:128,0,1,0
BRDA:135,1,0,0
BRDA:135,1,1,0
BRDA:136,2,0,0
BRDA:136,2,1,0
BRDA:141,3,0,0
BRDA:141,3,1,0
BRDA:142,4,0,0
BRDA:142,4,1,0
BRDA:151,5,0,0
BRDA:151,5,1,0
BRDA:151,5,2,0
BRDA:194,6,0,0
BRDA:194,6,1,0
BRDA:205,7,0,0
BRDA:205,7,1,0
BRDA:210,8,0,0
BRDA:210,8,1,0
BRDA:222,9,0,0
BRDA:222,9,1,0
BRDA:222,9,2,0
BRDA:232,10,0,0
BRDA:232,10,1,0
BRDA:239,11,0,0
BRDA:239,11,1,0
BRDA:245,12,0,0
BRDA:245,12,1,0
BRDA:278,13,0,0
BRDA:278,13,1,0
BRDA:285,14,0,0
BRDA:285,14,1,0
BRDA:286,15,0,0
BRDA:286,15,1,0
BRDA:291,16,0,0
BRDA:291,16,1,0
BRDA:292,17,0,0
BRDA:292,17,1,0
BRDA:293,18,0,0
BRDA:293,18,1,0
BRDA:299,19,0,0
BRDA:299,19,1,0
BRDA:341,20,0,0
BRDA:341,20,1,0
BRDA:355,21,0,0
BRDA:355,21,1,0
BRDA:388,22,0,0
BRDA:388,22,1,0
BRDA:399,23,0,0
BRDA:399,23,1,0
BRDA:408,24,0,0
BRDA:408,24,1,0
BRDA:433,25,0,0
BRDA:433,25,1,0
BRDA:449,26,0,0
BRDA:449,26,1,0
BRDA:491,27,0,0
BRDA:491,27,1,0
BRDA:522,28,0,0
BRDA:522,28,1,0
BRDA:523,29,0,0
BRDA:523,29,1,0
BRDA:523,30,0,0
BRDA:523,30,1,0
BRDA:523,31,0,0
BRDA:523,31,1,0
BRDA:582,32,0,0
BRDA:582,32,1,0
BRDA:583,33,0,0
BRDA:583,33,1,0
BRDA:583,34,0,0
BRDA:583,34,1,0
BRDA:583,35,0,0
BRDA:583,35,1,0
BRF:74
BRH:0
end_of_record
TN:
SF:routes\auth.js
FN:16,(anonymous_0)
FN:89,(anonymous_1)
FN:118,(anonymous_2)
FN:175,(anonymous_3)
FN:193,(anonymous_4)
FN:232,(anonymous_5)
FN:266,(anonymous_6)
FN:283,(anonymous_7)
FNF:8
FNH:5
FNDA:93,(anonymous_0)
FNDA:0,(anonymous_1)
FNDA:6,(anonymous_2)
FNDA:1,(anonymous_3)
FNDA:3,(anonymous_4)
FNDA:0,(anonymous_5)
FNDA:1,(anonymous_6)
FNDA:0,(anonymous_7)
DA:1,3
DA:2,3
DA:3,3
DA:4,3
DA:5,3
DA:6,3
DA:7,3
DA:9,3
DA:12,3
DA:17,93
DA:18,93
DA:19,93
DA:20,3
DA:26,90
DA:29,90
DA:30,90
DA:31,1
DA:35,89
DA:47,89
DA:50,89
DA:57,89
DA:70,89
DA:76,0
DA:77,0
DA:78,0
DA:79,0
DA:84,0
DA:89,3
DA:90,0
DA:91,0
DA:93,0
DA:98,0
DA:99,0
DA:102,0
DA:103,0
DA:104,0
DA:105,0
DA:107,0
DA:109,0
DA:110,0
DA:115,3
DA:119,6
DA:120,6
DA:121,6
DA:122,1
DA:128,5
DA:131,5
DA:132,5
DA:133,1
DA:137,4
DA:138,4
DA:139,1
DA:143,3
DA:144,1
DA:146,2
DA:147,1
DA:151,1
DA:157,1
DA:169,0
DA:170,0
DA:175,3
DA:176,1
DA:181,1
DA:185,0
DA:186,0
DA:191,3
DA:194,3
DA:195,3
DA:196,3
DA:197,1
DA:202,2
DA:203,2
DA:205,2
DA:207,1
DA:211,1
DA:212,1
DA:214,1
DA:215,1
DA:216,1
DA:219,1
DA:220,1
DA:222,0
DA:224,1
DA:225,1
DA:230,3
DA:233,0
DA:234,0
DA:235,0
DA:236,0
DA:241,0
DA:242,0
DA:244,0
DA:249,0
DA:250,0
DA:253,0
DA:254,0
DA:255,0
DA:256,0
DA:258,0
DA:260,0
DA:261,0
DA:266,3
DA:267,1
DA:268,1
DA:269,1
DA:270,0
DA:273,1
DA:275,0
DA:276,0
DA:281,3
DA:284,0
DA:285,0
DA:287,0
DA:288,0
DA:289,0
DA:292,0
DA:293,0
DA:297,0
DA:298,0
DA:300,0
DA:301,0
DA:302,0
DA:305,0
DA:306,0
DA:308,0
DA:310,0
DA:311,0
DA:315,3
LF:128
LH:70
BRDA:19,0,0,3
BRDA:19,0,1,90
BRDA:26,1,0,0
BRDA:30,2,0,1
BRDA:30,2,1,89
BRDA:39,3,0,89
BRDA:39,3,1,0
BRDA:40,4,0,89
BRDA:40,4,1,88
BRDA:53,5,0,89
BRDA:53,5,1,0
BRDA:78,6,0,0
BRDA:78,6,1,0
BRDA:98,7,0,0
BRDA:98,7,1,0
BRDA:121,8,0,1
BRDA:121,8,1,5
BRDA:132,9,0,1
BRDA:132,9,1,4
BRDA:138,10,0,1
BRDA:138,10,1,3
BRDA:143,11,0,1
BRDA:143,11,1,2
BRDA:146,12,0,1
BRDA:146,12,1,1
BRDA:196,13,0,1
BRDA:196,13,1,2
BRDA:205,14,0,1
BRDA:205,14,1,1
BRDA:235,15,0,0
BRDA:235,15,1,0
BRDA:249,16,0,0
BRDA:249,16,1,0
BRDA:269,17,0,0
BRDA:269,17,1,1
BRDA:288,18,0,0
BRDA:288,18,1,0
BRDA:292,19,0,0
BRDA:292,19,1,0
BRF:39
BRH:23
end_of_record
TN:
SF:routes\chat.js
FN:10,(anonymous_0)
FN:48,(anonymous_1)
FN:70,(anonymous_2)
FN:151,(anonymous_3)
FN:161,(anonymous_4)
FN:162,(anonymous_5)
FN:177,(anonymous_6)
FN:189,(anonymous_7)
FN:195,(anonymous_8)
FNF:9
FNH:0
FNDA:0,(anonymous_0)
FNDA:0,(anonymous_1)
FNDA:0,(anonymous_2)
FNDA:0,(anonymous_3)
FNDA:0,(anonymous_4)
FNDA:0,(anonymous_5)
FNDA:0,(anonymous_6)
FNDA:0,(anonymous_7)
FNDA:0,(anonymous_8)
DA:1,3
DA:2,3
DA:3,3
DA:4,3
DA:5,3
DA:7,3
DA:10,3
DA:11,0
DA:12,0
DA:14,0
DA:15,0
DA:16,0
DA:20,0
DA:21,0
DA:22,0
DA:26,0
DA:27,0
DA:30,0
DA:34,0
DA:36,0
DA:41,0
DA:42,0
DA:43,0
DA:47,0
DA:48,0
DA:49,0
DA:50,0
DA:51,0
DA:55,0
DA:56,0
DA:60,0
DA:62,0
DA:63,0
DA:68,3
DA:71,0
DA:72,0
DA:73,0
DA:74,0
DA:80,0
DA:81,0
DA:83,0
DA:87,0
DA:88,0
DA:92,0
DA:93,0
DA:95,0
DA:98,0
DA:100,0
DA:102,0
DA:109,0
DA:116,0
DA:117,0
DA:120,0
DA:123,0
DA:124,0
DA:125,0
DA:127,0
DA:134,0
DA:138,0
DA:140,0
DA:145,0
DA:146,0
DA:151,3
DA:152,0
DA:153,0
DA:156,0
DA:160,0
DA:161,0
DA:162,0
DA:163,0
DA:164,0
DA:169,0
DA:171,0
DA:172,0
DA:177,3
DA:178,0
DA:179,0
DA:180,0
DA:182,0
DA:184,0
DA:185,0
DA:189,0
DA:190,0
DA:194,0
DA:195,0
DA:196,0
DA:197,0
DA:198,0
DA:202,0
DA:203,0
DA:206,0
DA:208,0
DA:209,0
DA:213,3
LF:94
LH:11
BRDA:15,0,0,0
BRDA:15,0,1,0
BRDA:21,1,0,0
BRDA:21,1,1,0
BRDA:21,2,0,0
BRDA:21,2,1,0
BRDA:26,3,0,0
BRDA:26,3,1,0
BRDA:26,4,0,0
BRDA:26,4,1,0
BRDA:34,5,0,0
BRDA:34,5,1,0
BRDA:49,6,0,0
BRDA:49,6,1,0
BRDA:49,7,0,0
BRDA:49,7,1,0
BRDA:55,8,0,0
BRDA:55,8,1,0
BRDA:73,9,0,0
BRDA:73,9,1,0
BRDA:87,10,0,0
BRDA:87,10,1,0
BRDA:93,11,0,0
BRDA:93,11,1,0
BRDA:93,12,0,0
BRDA:93,12,1,0
BRDA:93,12,2,0
BRDA:93,12,3,0
BRDA:100,13,0,0
BRDA:100,13,1,0
BRDA:124,14,0,0
BRDA:124,14,1,0
BRDA:131,15,0,0
BRDA:131,15,1,0
BRDA:163,16,0,0
BRDA:163,16,1,0
BRDA:163,17,0,0
BRDA:163,17,1,0
BRDA:184,18,0,0
BRDA:184,18,1,0
BRDA:189,19,0,0
BRDA:189,19,1,0
BRDA:196,20,0,0
BRDA:196,20,1,0
BRDA:196,21,0,0
BRDA:196,21,1,0
BRDA:202,22,0,0
BRDA:202,22,1,0
BRF:48
BRH:0
end_of_record
TN:
SF:routes\items.js
FN:15,(anonymous_0)
FN:22,(anonymous_1)
FN:34,(anonymous_2)
FN:56,(anonymous_3)
FN:107,(anonymous_4)
FN:116,(anonymous_5)
FN:138,(anonymous_6)
FN:152,(anonymous_7)
FN:209,(anonymous_8)
FN:215,(anonymous_9)
FN:216,(anonymous_10)
FN:228,(anonymous_11)
FN:266,(anonymous_12)
FN:267,(anonymous_13)
FN:284,(anonymous_14)
FN:308,(anonymous_15)
FN:334,(anonymous_16)
FN:344,(anonymous_17)
FN:346,(anonymous_18)
FN:371,(anonymous_19)
FN:384,(anonymous_20)
FN:386,(anonymous_21)
FN:399,(anonymous_22)
FN:428,(anonymous_23)
FN:457,(anonymous_24)
FN:466,(anonymous_25)
FNF:26
FNH:1
FNDA:0,(anonymous_0)
FNDA:0,(anonymous_1)
FNDA:0,(anonymous_2)
FNDA:0,(anonymous_3)
FNDA:0,(anonymous_4)
FNDA:0,(anonymous_5)
FNDA:0,(anonymous_6)
FNDA:0,(anonymous_7)
FNDA:3,(anonymous_8)
FNDA:0,(anonymous_9)
FNDA:0,(anonymous_10)
FNDA:0,(anonymous_11)
FNDA:0,(anonymous_12)
FNDA:0,(anonymous_13)
FNDA:0,(anonymous_14)
FNDA:0,(anonymous_15)
FNDA:0,(anonymous_16)
FNDA:0,(anonymous_17)
FNDA:0,(anonymous_18)
FNDA:0,(anonymous_19)
FNDA:0,(anonymous_20)
FNDA:0,(anonymous_21)
FNDA:0,(anonymous_22)
FNDA:0,(anonymous_23)
FNDA:0,(anonymous_24)
FNDA:0,(anonymous_25)
DA:1,3
DA:2,3
DA:3,3
DA:4,3
DA:5,3
DA:6,3
DA:7,3
DA:8,3
DA:9,3
DA:11,3
DA:14,3
DA:16,0
DA:17,0
DA:18,0
DA:20,0
DA:23,0
DA:24,0
DA:28,3
DA:35,0
DA:36,0
DA:37,0
DA:39,0
DA:40,0
DA:42,0
DA:48,3
DA:57,0
DA:58,0
DA:59,0
DA:60,0
DA:66,0
DA:67,0
DA:68,0
DA:71,0
DA:73,0
DA:74,0
DA:77,0
DA:78,0
DA:81,0
DA:82,0
DA:85,0
DA:86,0
DA:90,0
DA:91,0
DA:92,0
DA:93,0
DA:94,0
DA:97,0
DA:104,0
DA:107,0
DA:115,0
DA:116,0
DA:117,0
DA:121,0
DA:132,0
DA:133,0
DA:138,3
DA:139,0
DA:140,0
DA:144,0
DA:146,0
DA:147,0
DA:152,3
DA:153,0
DA:154,0
DA:158,0
DA:159,0
DA:163,0
DA:164,0
DA:165,0
DA:169,0
DA:177,0
DA:178,0
DA:179,0
DA:181,0
DA:183,0
DA:186,0
DA:188,0
DA:189,0
DA:190,0
DA:192,0
DA:197,3
DA:210,3
DA:211,3
DA:212,3
DA:214,3
DA:215,0
DA:216,0
DA:219,3
DA:225,0
DA:228,0
DA:234,0
DA:239,0
DA:244,0
DA:255,0
DA:256,0
DA:258,0
DA:263,0
DA:265,0
DA:266,0
DA:267,0
DA:270,0
DA:275,3
DA:285,0
DA:286,0
DA:287,0
DA:288,0
DA:294,0
DA:295,0
DA:296,0
DA:300,0
DA:301,0
DA:305,0
DA:306,0
DA:308,0
DA:309,0
DA:310,0
DA:315,0
DA:316,0
DA:323,0
DA:324,0
DA:333,0
DA:334,0
DA:340,0
DA:341,0
DA:343,0
DA:344,0
DA:345,0
DA:346,0
DA:348,0
DA:350,0
DA:354,0
DA:360,0
DA:365,0
DA:366,0
DA:371,3
DA:372,0
DA:373,0
DA:374,0
DA:375,0
DA:379,0
DA:380,0
DA:384,0
DA:385,0
DA:386,0
DA:389,0
DA:391,0
DA:393,0
DA:394,0
DA:399,3
DA:400,0
DA:401,0
DA:402,0
DA:403,0
DA:406,0
DA:407,0
DA:409,0
DA:410,0
DA:412,0
DA:415,0
DA:417,0
DA:422,0
DA:423,0
DA:428,3
DA:429,0
DA:430,0
DA:431,0
DA:432,0
DA:434,0
DA:440,0
DA:442,0
DA:451,0
DA:452,0
DA:457,3
DA:458,0
DA:459,0
DA:463,0
DA:466,0
DA:472,0
DA:474,0
DA:475,0
DA:482,3
LF:181
LH:27
BRDA:17,0,0,0
BRDA:17,0,1,0
BRDA:39,1,0,0
BRDA:39,1,1,0
BRDA:39,2,0,0
BRDA:39,2,1,0
BRDA:59,3,0,0
BRDA:59,3,1,0
BRDA:66,4,0,0
BRDA:66,4,1,0
BRDA:67,5,0,0
BRDA:67,5,1,0
BRDA:73,6,0,0
BRDA:73,6,1,0
BRDA:77,7,0,0
BRDA:77,7,1,0
BRDA:81,8,0,0
BRDA:81,8,1,0
BRDA:85,9,0,0
BRDA:85,9,1,0
BRDA:91,10,0,0
BRDA:91,10,1,0
BRDA:93,11,0,0
BRDA:93,11,1,0
BRDA:109,12,0,0
BRDA:109,12,1,0
BRDA:115,13,0,0
BRDA:115,13,1,0
BRDA:158,14,0,0
BRDA:158,14,1,0
BRDA:163,15,0,0
BRDA:163,15,1,0
BRDA:163,16,0,0
BRDA:163,16,1,0
BRDA:171,17,0,0
BRDA:171,17,1,0
BRDA:177,18,0,0
BRDA:177,18,1,0
BRDA:189,19,0,0
BRDA:189,19,1,0
BRDA:212,20,0,3
BRDA:212,20,1,0
BRDA:214,21,0,0
BRDA:214,21,1,3
BRDA:228,22,0,0
BRDA:228,22,1,0
BRDA:241,23,0,0
BRDA:241,23,1,0
BRDA:265,24,0,0
BRDA:265,24,1,0
BRDA:287,25,0,0
BRDA:287,25,1,0
BRDA:295,26,0,0
BRDA:295,26,1,0
BRDA:300,27,0,0
BRDA:300,27,1,0
BRDA:309,28,0,0
BRDA:309,28,1,0
BRDA:315,29,0,0
BRDA:315,29,1,0
BRDA:315,30,0,0
BRDA:315,30,1,0
BRDA:317,31,0,0
BRDA:317,31,1,0
BRDA:318,32,0,0
BRDA:318,32,1,0
BRDA:323,33,0,0
BRDA:323,33,1,0
BRDA:323,34,0,0
BRDA:323,34,1,0
BRDA:325,35,0,0
BRDA:325,35,1,0
BRDA:326,36,0,0
BRDA:326,36,1,0
BRDA:333,37,0,0
BRDA:333,37,1,0
BRDA:333,38,0,0
BRDA:333,38,1,0
BRDA:341,39,0,0
BRDA:341,39,1,0
BRDA:374,40,0,0
BRDA:374,40,1,0
BRDA:379,41,0,0
BRDA:379,41,1,0
BRDA:402,42,0,0
BRDA:402,42,1,0
BRDA:409,43,0,0
BRDA:409,43,1,0
BRDA:418,44,0,0
BRDA:418,44,1,0
BRDA:430,45,0,0
BRDA:430,45,1,0
BRDA:431,46,0,0
BRDA:431,46,1,0
BRDA:469,47,0,0
BRDA:469,47,1,0
BRF:96
BRH:2
end_of_record
TN:
SF:routes\offers.js
FN:17,(anonymous_0)
FN:24,(anonymous_1)
FN:36,(anonymous_2)
FN:53,(anonymous_3)
FN:59,(anonymous_4)
FN:75,(anonymous_5)
FN:81,(anonymous_6)
FN:81,(anonymous_7)
FN:95,(anonymous_8)
FN:95,(anonymous_9)
FN:103,(anonymous_10)
FN:103,(anonymous_11)
FN:117,(anonymous_12)
FN:117,(anonymous_13)
FN:124,(anonymous_14)
FN:175,(anonymous_15)
FN:175,(anonymous_16)
FN:186,(anonymous_17)
FN:242,(anonymous_18)
FN:291,(anonymous_19)
FN:339,(anonymous_20)
FN:420,(anonymous_21)
FN:458,(anonymous_22)
FN:520,(anonymous_23)
FN:597,(anonymous_24)
FN:660,(anonymous_25)
FN:707,(anonymous_26)
FN:736,(anonymous_27)
FN:759,(anonymous_28)
FN:777,(anonymous_29)
FNF:30
FNH:0
FNDA:0,(anonymous_0)
FNDA:0,(anonymous_1)
FNDA:0,(anonymous_2)
FNDA:0,(anonymous_3)
FNDA:0,(anonymous_4)
FNDA:0,(anonymous_5)
FNDA:0,(anonymous_6)
FNDA:0,(anonymous_7)
FNDA:0,(anonymous_8)
FNDA:0,(anonymous_9)
FNDA:0,(anonymous_10)
FNDA:0,(anonymous_11)
FNDA:0,(anonymous_12)
FNDA:0,(anonymous_13)
FNDA:0,(anonymous_14)
FNDA:0,(anonymous_15)
FNDA:0,(anonymous_16)
FNDA:0,(anonymous_17)
FNDA:0,(anonymous_18)
FNDA:0,(anonymous_19)
FNDA:0,(anonymous_20)
FNDA:0,(anonymous_21)
FNDA:0,(anonymous_22)
FNDA:0,(anonymous_23)
FNDA:0,(anonymous_24)
FNDA:0,(anonymous_25)
FNDA:0,(anonymous_26)
FNDA:0,(anonymous_27)
FNDA:0,(anonymous_28)
FNDA:0,(anonymous_29)
DA:1,3
DA:2,3
DA:3,3
DA:4,3
DA:5,3
DA:6,3
DA:7,3
DA:8,3
DA:9,3
DA:10,3
DA:11,3
DA:13,3
DA:16,3
DA:18,0
DA:19,0
DA:20,0
DA:22,0
DA:25,0
DA:26,0
DA:30,3
DA:37,0
DA:38,0
DA:39,0
DA:41,0
DA:42,0
DA:44,0
DA:50,3
DA:54,0
DA:55,0
DA:56,0
DA:57,0
DA:59,0
DA:60,0
DA:61,0
DA:63,0
DA:64,0
DA:66,0
DA:67,0
DA:70,0
DA:72,0
DA:76,0
DA:77,0
DA:78,0
DA:80,0
DA:81,0
DA:83,0
DA:89,0
DA:92,0
DA:93,0
DA:94,0
DA:95,0
DA:97,0
DA:101,0
DA:102,0
DA:103,0
DA:105,0
DA:109,0
DA:115,0
DA:116,0
DA:117,0
DA:119,0
DA:123,0
DA:124,0
DA:125,0
DA:126,0
DA:128,0
DA:129,0
DA:130,0
DA:134,0
DA:137,0
DA:144,0
DA:152,0
DA:153,0
DA:156,0
DA:157,0
DA:164,0
DA:167,0
DA:172,0
DA:174,0
DA:175,0
DA:177,0
DA:182,3
DA:187,0
DA:188,0
DA:189,0
DA:190,0
DA:196,0
DA:197,0
DA:198,0
DA:199,0
DA:202,0
DA:203,0
DA:204,0
DA:207,0
DA:208,0
DA:209,0
DA:212,0
DA:219,0
DA:221,0
DA:232,0
DA:233,0
DA:238,3
DA:243,0
DA:244,0
DA:245,0
DA:246,0
DA:252,0
DA:253,0
DA:254,0
DA:256,0
DA:257,0
DA:258,0
DA:261,0
DA:268,0
DA:270,0
DA:281,0
DA:282,0
DA:287,3
DA:292,0
DA:293,0
DA:294,0
DA:295,0
DA:301,0
DA:302,0
DA:303,0
DA:305,0
DA:306,0
DA:307,0
DA:310,0
DA:317,0
DA:319,0
DA:330,0
DA:331,0
DA:336,3
DA:340,0
DA:341,0
DA:342,0
DA:343,0
DA:349,0
DA:350,0
DA:352,0
DA:357,0
DA:358,0
DA:362,0
DA:363,0
DA:367,0
DA:368,0
DA:372,0
DA:373,0
DA:375,0
DA:377,0
DA:387,0
DA:390,0
DA:393,0
DA:394,0
DA:398,0
DA:399,0
DA:406,0
DA:409,0
DA:414,0
DA:415,0
DA:420,3
DA:421,0
DA:422,0
DA:424,0
DA:425,0
DA:426,0
DA:430,0
DA:431,0
DA:435,0
DA:436,0
DA:439,0
DA:440,0
DA:442,0
DA:447,0
DA:448,0
DA:453,3
DA:459,0
DA:460,0
DA:461,0
DA:462,0
DA:468,0
DA:469,0
DA:471,0
DA:472,0
DA:473,0
DA:477,0
DA:478,0
DA:479,0
DA:483,0
DA:484,0
DA:487,0
DA:488,0
DA:489,0
DA:492,0
DA:495,0
DA:498,0
DA:503,0
DA:507,0
DA:512,0
DA:513,0
DA:518,3
DA:521,0
DA:522,0
DA:523,0
DA:524,0
DA:530,0
DA:531,0
DA:533,0
DA:538,0
DA:539,0
DA:543,0
DA:544,0
DA:548,0
DA:549,0
DA:553,0
DA:554,0
DA:557,0
DA:567,0
DA:568,0
DA:571,0
DA:572,0
DA:573,0
DA:581,0
DA:584,0
DA:589,0
DA:590,0
DA:595,3
DA:598,0
DA:599,0
DA:600,0
DA:601,0
DA:607,0
DA:608,0
DA:610,0
DA:615,0
DA:616,0
DA:620,0
DA:621,0
DA:625,0
DA:626,0
DA:630,0
DA:631,0
DA:633,0
DA:636,0
DA:637,0
DA:638,0
DA:646,0
DA:649,0
DA:654,0
DA:655,0
DA:660,3
DA:661,0
DA:662,0
DA:664,0
DA:665,0
DA:666,0
DA:670,0
DA:671,0
DA:672,0
DA:676,0
DA:677,0
DA:680,0
DA:681,0
DA:684,0
DA:687,0
DA:692,0
DA:696,0
DA:701,0
DA:702,0
DA:707,3
DA:708,0
DA:709,0
DA:711,0
DA:716,0
DA:717,0
DA:721,0
DA:722,0
DA:725,0
DA:728,0
DA:730,0
DA:731,0
DA:736,3
DA:737,0
DA:738,0
DA:740,0
DA:741,0
DA:742,0
DA:746,0
DA:747,0
DA:748,0
DA:751,0
DA:754,0
DA:755,0
DA:759,0
DA:760,0
DA:761,0
DA:765,0
DA:767,0
DA:769,0
DA:770,0
DA:775,3
DA:778,0
DA:779,0
DA:780,0
DA:781,0
DA:787,0
DA:788,0
DA:790,0
DA:791,0
DA:792,0
DA:796,0
DA:797,0
DA:799,0
DA:802,0
DA:803,0
DA:804,0
DA:807,0
DA:814,0
DA:815,0
DA:816,0
DA:818,0
DA:823,0
DA:824,0
DA:828,3
LF:325
LH:28
BRDA:19,0,0,0
BRDA:19,0,1,0
BRDA:41,1,0,0
BRDA:41,1,1,0
BRDA:41,2,0,0
BRDA:41,2,1,0
BRDA:56,3,0,0
BRDA:56,3,1,0
BRDA:56,4,0,0
BRDA:56,4,1,0
BRDA:60,5,0,0
BRDA:60,5,1,0
BRDA:60,6,0,0
BRDA:60,6,1,0
BRDA:60,6,2,0
BRDA:63,7,0,0
BRDA:63,7,1,0
BRDA:63,8,0,0
BRDA:63,8,1,0
BRDA:63,8,2,0
BRDA:66,9,0,0
BRDA:66,9,1,0
BRDA:78,10,0,0
BRDA:78,10,1,0
BRDA:80,11,0,0
BRDA:80,11,1,0
BRDA:93,12,0,0
BRDA:93,12,1,0
BRDA:93,13,0,0
BRDA:93,13,1,0
BRDA:94,14,0,0
BRDA:94,14,1,0
BRDA:101,15,0,0
BRDA:101,15,1,0
BRDA:102,16,0,0
BRDA:102,16,1,0
BRDA:115,17,0,0
BRDA:115,17,1,0
BRDA:116,18,0,0
BRDA:116,18,1,0
BRDA:126,19,0,0
BRDA:126,19,1,0
BRDA:128,20,0,0
BRDA:128,20,1,0
BRDA:128,21,0,0
BRDA:128,21,1,0
BRDA:149,22,0,0
BRDA:149,22,1,0
BRDA:161,23,0,0
BRDA:161,23,1,0
BRDA:174,24,0,0
BRDA:174,24,1,0
BRDA:189,25,0,0
BRDA:189,25,1,0
BRDA:197,26,0,0
BRDA:197,26,1,0
BRDA:198,27,0,0
BRDA:198,27,1,0
BRDA:203,28,0,0
BRDA:203,28,1,0
BRDA:203,29,0,0
BRDA:203,29,1,0
BRDA:208,30,0,0
BRDA:208,30,1,0
BRDA:245,31,0,0
BRDA:245,31,1,0
BRDA:252,32,0,0
BRDA:252,32,1,0
BRDA:253,33,0,0
BRDA:253,33,1,0
BRDA:257,34,0,0
BRDA:257,34,1,0
BRDA:294,35,0,0
BRDA:294,35,1,0
BRDA:301,36,0,0
BRDA:301,36,1,0
BRDA:302,37,0,0
BRDA:302,37,1,0
BRDA:306,38,0,0
BRDA:306,38,1,0
BRDA:342,39,0,0
BRDA:342,39,1,0
BRDA:357,40,0,0
BRDA:357,40,1,0
BRDA:362,41,0,0
BRDA:362,41,1,0
BRDA:367,42,0,0
BRDA:367,42,1,0
BRDA:372,43,0,0
BRDA:372,43,1,0
BRDA:373,44,0,0
BRDA:373,44,1,0
BRDA:375,45,0,0
BRDA:375,45,1,0
BRDA:382,46,0,0
BRDA:382,46,1,0
BRDA:394,47,0,0
BRDA:394,47,1,0
BRDA:402,48,0,0
BRDA:402,48,1,0
BRDA:403,49,0,0
BRDA:403,49,1,0
BRDA:410,50,0,0
BRDA:410,50,1,0
BRDA:425,51,0,0
BRDA:425,51,1,0
BRDA:430,52,0,0
BRDA:430,52,1,0
BRDA:435,53,0,0
BRDA:435,53,1,0
BRDA:461,54,0,0
BRDA:461,54,1,0
BRDA:472,55,0,0
BRDA:472,55,1,0
BRDA:478,56,0,0
BRDA:478,56,1,0
BRDA:478,57,0,0
BRDA:478,57,1,0
BRDA:483,58,0,0
BRDA:483,58,1,0
BRDA:488,59,0,0
BRDA:488,59,1,0
BRDA:523,60,0,0
BRDA:523,60,1,0
BRDA:538,61,0,0
BRDA:538,61,1,0
BRDA:543,62,0,0
BRDA:543,62,1,0
BRDA:548,63,0,0
BRDA:548,63,1,0
BRDA:554,64,0,0
BRDA:554,64,1,0
BRDA:562,65,0,0
BRDA:562,65,1,0
BRDA:578,66,0,0
BRDA:578,66,1,0
BRDA:600,67,0,0
BRDA:600,67,1,0
BRDA:615,68,0,0
BRDA:615,68,1,0
BRDA:620,69,0,0
BRDA:620,69,1,0
BRDA:625,70,0,0
BRDA:625,70,1,0
BRDA:631,71,0,0
BRDA:631,71,1,0
BRDA:643,72,0,0
BRDA:643,72,1,0
BRDA:665,73,0,0
BRDA:665,73,1,0
BRDA:671,74,0,0
BRDA:671,74,1,0
BRDA:671,75,0,0
BRDA:671,75,1,0
BRDA:676,76,0,0
BRDA:676,76,1,0
BRDA:716,77,0,0
BRDA:716,77,1,0
BRDA:722,78,0,0
BRDA:722,78,1,0
BRDA:722,79,0,0
BRDA:722,79,1,0
BRDA:722,79,2,0
BRDA:741,80,0,0
BRDA:741,80,1,0
BRDA:747,81,0,0
BRDA:747,81,1,0
BRDA:747,82,0,0
BRDA:747,82,1,0
BRDA:754,83,0,0
BRDA:754,83,1,0
BRDA:760,84,0,0
BRDA:760,84,1,0
BRDA:780,85,0,0
BRDA:780,85,1,0
BRDA:791,86,0,0
BRDA:791,86,1,0
BRDA:797,87,0,0
BRDA:797,87,1,0
BRDA:797,88,0,0
BRDA:797,88,1,0
BRDA:797,88,2,0
BRDA:803,89,0,0
BRDA:803,89,1,0
BRF:184
BRH:0
end_of_record
TN:
SF:routes\reports.js
FN:17,(anonymous_0)
FN:24,(anonymous_1)
FN:36,(anonymous_2)
FN:64,(anonymous_3)
FN:70,(anonymous_4)
FN:70,(anonymous_5)
FN:96,(anonymous_6)
FN:96,(anonymous_7)
FN:111,(anonymous_8)
FN:111,(anonymous_9)
FN:119,(anonymous_10)
FN:178,(anonymous_11)
FN:178,(anonymous_12)
FN:189,(anonymous_13)
FN:234,(anonymous_14)
FN:273,(anonymous_15)
FN:313,(anonymous_16)
FN:346,(anonymous_17)
FN:466,(anonymous_18)
FN:511,(anonymous_19)
FNF:20
FNH:0
FNDA:0,(anonymous_0)
FNDA:0,(anonymous_1)
FNDA:0,(anonymous_2)
FNDA:0,(anonymous_3)
FNDA:0,(anonymous_4)
FNDA:0,(anonymous_5)
FNDA:0,(anonymous_6)
FNDA:0,(anonymous_7)
FNDA:0,(anonymous_8)
FNDA:0,(anonymous_9)
FNDA:0,(anonymous_10)
FNDA:0,(anonymous_11)
FNDA:0,(anonymous_12)
FNDA:0,(anonymous_13)
FNDA:0,(anonymous_14)
FNDA:0,(anonymous_15)
FNDA:0,(anonymous_16)
FNDA:0,(anonymous_17)
FNDA:0,(anonymous_18)
FNDA:0,(anonymous_19)
DA:1,3
DA:2,3
DA:3,3
DA:4,3
DA:5,3
DA:6,3
DA:7,3
DA:8,3
DA:9,3
DA:10,3
DA:11,3
DA:13,3
DA:16,3
DA:18,0
DA:19,0
DA:20,0
DA:22,0
DA:25,0
DA:26,0
DA:30,3
DA:37,0
DA:38,0
DA:39,0
DA:41,0
DA:42,0
DA:44,0
DA:50,3
DA:65,0
DA:66,0
DA:67,0
DA:69,0
DA:70,0
DA:72,0
DA:78,0
DA:81,0
DA:82,0
DA:84,0
DA:85,0
DA:87,0
DA:88,0
DA:90,0
DA:91,0
DA:94,0
DA:95,0
DA:96,0
DA:98,0
DA:102,0
DA:109,0
DA:110,0
DA:111,0
DA:113,0
DA:119,0
DA:124,0
DA:134,0
DA:135,0
DA:138,0
DA:139,0
DA:140,0
DA:150,0
DA:158,0
DA:159,0
DA:167,0
DA:170,0
DA:175,0
DA:177,0
DA:178,0
DA:180,0
DA:185,3
DA:190,0
DA:191,0
DA:192,0
DA:193,0
DA:199,0
DA:200,0
DA:201,0
DA:203,0
DA:204,0
DA:205,0
DA:208,0
DA:215,0
DA:217,0
DA:228,0
DA:229,0
DA:234,3
DA:235,0
DA:236,0
DA:238,0
DA:242,0
DA:243,0
DA:247,0
DA:248,0
DA:251,0
DA:253,0
DA:254,0
DA:259,3
DA:274,0
DA:275,0
DA:276,0
DA:277,0
DA:283,0
DA:284,0
DA:285,0
DA:288,0
DA:289,0
DA:290,0
DA:291,0
DA:293,0
DA:300,0
DA:303,0
DA:312,0
DA:313,0
DA:314,0
DA:317,0
DA:329,0
DA:330,0
DA:335,3
DA:347,0
DA:348,0
DA:349,0
DA:350,0
DA:356,0
DA:357,0
DA:359,0
DA:363,0
DA:364,0
DA:368,0
DA:369,0
DA:370,0
DA:372,0
DA:373,0
DA:374,0
DA:377,0
DA:380,0
DA:381,0
DA:382,0
DA:383,0
DA:386,0
DA:387,0
DA:394,0
DA:396,0
DA:399,0
DA:400,0
DA:401,0
DA:402,0
DA:409,0
DA:411,0
DA:414,0
DA:415,0
DA:416,0
DA:417,0
DA:424,0
DA:426,0
DA:431,0
DA:432,0
DA:433,0
DA:438,0
DA:439,0
DA:443,0
DA:450,0
DA:453,0
DA:455,0
DA:460,0
DA:461,0
DA:466,3
DA:467,0
DA:469,0
DA:470,0
DA:471,0
DA:472,0
DA:475,0
DA:488,0
DA:498,0
DA:499,0
DA:504,0
DA:509,0
DA:510,0
DA:511,0
DA:512,0
DA:514,0
DA:517,0
DA:530,0
DA:531,0
DA:535,3
LF:183
LH:21
BRDA:19,0,0,0
BRDA:19,0,1,0
BRDA:39,1,0,0
BRDA:39,1,1,0
BRDA:39,1,2,0
BRDA:41,2,0,0
BRDA:41,2,1,0
BRDA:41,3,0,0
BRDA:41,3,1,0
BRDA:67,4,0,0
BRDA:67,4,1,0
BRDA:69,5,0,0
BRDA:69,5,1,0
BRDA:82,6,0,0
BRDA:82,6,1,0
BRDA:82,6,2,0
BRDA:94,7,0,0
BRDA:94,7,1,0
BRDA:95,8,0,0
BRDA:95,8,1,0
BRDA:109,9,0,0
BRDA:109,9,1,0
BRDA:110,10,0,0
BRDA:110,10,1,0
BRDA:119,11,0,0
BRDA:119,11,1,0
BRDA:131,12,0,0
BRDA:131,12,1,0
BRDA:177,13,0,0
BRDA:177,13,1,0
BRDA:192,14,0,0
BRDA:192,14,1,0
BRDA:199,15,0,0
BRDA:199,15,1,0
BRDA:200,16,0,0
BRDA:200,16,1,0
BRDA:204,17,0,0
BRDA:204,17,1,0
BRDA:242,18,0,0
BRDA:242,18,1,0
BRDA:247,19,0,0
BRDA:247,19,1,0
BRDA:247,20,0,0
BRDA:247,20,1,0
BRDA:276,21,0,0
BRDA:276,21,1,0
BRDA:283,22,0,0
BRDA:283,22,1,0
BRDA:284,23,0,0
BRDA:284,23,1,0
BRDA:289,24,0,0
BRDA:289,24,1,0
BRDA:290,25,0,0
BRDA:290,25,1,0
BRDA:291,26,0,0
BRDA:291,26,1,0
BRDA:349,27,0,0
BRDA:349,27,1,0
BRDA:363,28,0,0
BRDA:363,28,1,0
BRDA:369,29,0,0
BRDA:369,29,1,0
BRDA:370,30,0,0
BRDA:370,30,1,0
BRDA:372,31,0,0
BRDA:372,31,1,0
BRDA:372,32,0,0
BRDA:372,32,1,0
BRDA:380,33,0,0
BRDA:380,33,1,0
BRDA:380,34,0,0
BRDA:380,34,1,0
BRDA:382,35,0,0
BRDA:382,35,1,0
BRDA:383,36,0,0
BRDA:383,36,1,0
BRDA:383,36,2,0
BRDA:391,37,0,0
BRDA:391,37,1,0
BRDA:406,38,0,0
BRDA:406,38,1,0
BRDA:421,39,0,0
BRDA:421,39,1,0
BRDA:431,40,0,0
BRDA:431,40,1,0
BRDA:432,41,0,0
BRDA:432,41,1,0
BRDA:439,42,0,0
BRDA:439,42,1,0
BRDA:447,43,0,0
BRDA:447,43,1,0
BRDA:510,44,0,0
BRDA:510,44,1,0
BRF:93
BRH:0
end_of_record
TN:
SF:routes\users.js
FN:15,(anonymous_0)
FN:22,(anonymous_1)
FN:34,(anonymous_2)
FN:48,(anonymous_3)
FN:70,(anonymous_4)
FN:76,(anonymous_5)
FN:87,(anonymous_6)
FN:94,(anonymous_7)
FN:122,(anonymous_8)
FN:141,(anonymous_9)
FN:152,(anonymous_10)
FN:180,(anonymous_11)
FN:212,(anonymous_12)
FN:257,(anonymous_13)
FN:333,(anonymous_14)
FN:339,(anonymous_15)
FN:377,(anonymous_16)
FN:405,(anonymous_17)
FN:407,(anonymous_18)
FN:417,(anonymous_19)
FN:418,(anonymous_20)
FN:420,(anonymous_21)
FN:430,(anonymous_22)
FN:444,(anonymous_23)
FN:476,(anonymous_24)
FNF:25
FNH:0
FNDA:0,(anonymous_0)
FNDA:0,(anonymous_1)
FNDA:0,(anonymous_2)
FNDA:0,(anonymous_3)
FNDA:0,(anonymous_4)
FNDA:0,(anonymous_5)
FNDA:0,(anonymous_6)
FNDA:0,(anonymous_7)
FNDA:0,(anonymous_8)
FNDA:0,(anonymous_9)
FNDA:0,(anonymous_10)
FNDA:0,(anonymous_11)
FNDA:0,(anonymous_12)
FNDA:0,(anonymous_13)
FNDA:0,(anonymous_14)
FNDA:0,(anonymous_15)
FNDA:0,(anonymous_16)
FNDA:0,(anonymous_17)
FNDA:0,(anonymous_18)
FNDA:0,(anonymous_19)
FNDA:0,(anonymous_20)
FNDA:0,(anonymous_21)
FNDA:0,(anonymous_22)
FNDA:0,(anonymous_23)
FNDA:0,(anonymous_24)
DA:1,3
DA:2,3
DA:3,3
DA:4,3
DA:5,3
DA:6,3
DA:7,3
DA:8,3
DA:9,3
DA:11,3
DA:14,3
DA:16,0
DA:17,0
DA:18,0
DA:20,0
DA:23,0
DA:24,0
DA:28,3
DA:35,0
DA:36,0
DA:37,0
DA:39,0
DA:40,0
DA:42,0
DA:48,3
DA:49,0
DA:50,0
DA:51,0
DA:52,0
DA:55,0
DA:57,0
DA:58,0
DA:63,3
DA:71,0
DA:72,0
DA:73,0
DA:75,0
DA:76,0
DA:78,0
DA:84,0
DA:85,0
DA:86,0
DA:87,0
DA:89,0
DA:93,0
DA:94,0
DA:95,0
DA:96,0
DA:101,0
DA:102,0
DA:110,0
DA:111,0
DA:113,0
DA:114,0
DA:118,0
DA:120,0
DA:121,0
DA:122,0
DA:125,0
DA:128,0
DA:131,0
DA:133,0
DA:138,0
DA:140,0
DA:141,0
DA:143,0
DA:148,3
DA:153,0
DA:154,0
DA:155,0
DA:156,0
DA:162,0
DA:163,0
DA:164,0
DA:166,0
DA:167,0
DA:168,0
DA:171,0
DA:176,0
DA:179,0
DA:181,0
DA:185,0
DA:192,0
DA:203,0
DA:204,0
DA:209,3
DA:213,0
DA:214,0
DA:215,0
DA:216,0
DA:222,0
DA:223,0
DA:224,0
DA:226,0
DA:235,0
DA:240,0
DA:251,0
DA:252,0
DA:257,3
DA:258,0
DA:259,0
DA:268,0
DA:280,0
DA:282,0
DA:298,0
DA:312,0
DA:324,0
DA:325,0
DA:330,3
DA:334,0
DA:335,0
DA:337,0
DA:340,0
DA:341,0
DA:342,0
DA:343,0
DA:349,0
DA:351,0
DA:352,0
DA:353,0
DA:357,0
DA:358,0
DA:359,0
DA:363,0
DA:364,0
DA:366,0
DA:368,0
DA:369,0
DA:374,3
DA:378,0
DA:379,0
DA:380,0
DA:381,0
DA:387,0
DA:388,0
DA:390,0
DA:391,0
DA:392,0
DA:396,0
DA:397,0
DA:398,0
DA:402,0
DA:403,0
DA:405,0
DA:406,0
DA:407,0
DA:410,0
DA:414,0
DA:415,0
DA:417,0
DA:418,0
DA:419,0
DA:420,0
DA:424,0
DA:428,0
DA:429,0
DA:430,0
DA:434,0
DA:436,0
DA:438,0
DA:439,0
DA:444,3
DA:445,0
DA:446,0
DA:448,0
DA:452,0
DA:453,0
DA:457,0
DA:462,0
DA:467,0
DA:468,0
DA:473,3
DA:477,0
DA:478,0
DA:479,0
DA:480,0
DA:486,0
DA:487,0
DA:488,0
DA:489,0
DA:491,0
DA:500,0
DA:505,0
DA:516,0
DA:517,0
DA:521,3
LF:186
LH:22
BRDA:17,0,0,0
BRDA:17,0,1,0
BRDA:39,1,0,0
BRDA:39,1,1,0
BRDA:39,2,0,0
BRDA:39,2,1,0
BRDA:51,3,0,0
BRDA:51,3,1,0
BRDA:73,4,0,0
BRDA:73,4,1,0
BRDA:75,5,0,0
BRDA:75,5,1,0
BRDA:85,6,0,0
BRDA:85,6,1,0
BRDA:86,7,0,0
BRDA:86,7,1,0
BRDA:95,8,0,0
BRDA:95,8,1,0
BRDA:101,9,0,0
BRDA:101,9,1,0
BRDA:101,10,0,0
BRDA:101,10,1,0
BRDA:104,11,0,0
BRDA:104,11,1,0
BRDA:105,12,0,0
BRDA:105,12,1,0
BRDA:110,13,0,0
BRDA:110,13,1,0
BRDA:113,14,0,0
BRDA:113,14,1,0
BRDA:118,15,0,0
BRDA:118,15,1,0
BRDA:120,16,0,0
BRDA:120,16,1,0
BRDA:140,17,0,0
BRDA:140,17,1,0
BRDA:155,18,0,0
BRDA:155,18,1,0
BRDA:162,19,0,0
BRDA:162,19,1,0
BRDA:163,20,0,0
BRDA:163,20,1,0
BRDA:167,21,0,0
BRDA:167,21,1,0
BRDA:215,22,0,0
BRDA:215,22,1,0
BRDA:222,23,0,0
BRDA:222,23,1,0
BRDA:223,24,0,0
BRDA:223,24,1,0
BRDA:334,25,0,0
BRDA:334,25,1,0
BRDA:342,26,0,0
BRDA:342,26,1,0
BRDA:352,27,0,0
BRDA:352,27,1,0
BRDA:358,28,0,0
BRDA:358,28,1,0
BRDA:380,29,0,0
BRDA:380,29,1,0
BRDA:391,30,0,0
BRDA:391,30,1,0
BRDA:397,31,0,0
BRDA:397,31,1,0
BRDA:428,32,0,0
BRDA:428,32,1,0
BRDA:452,33,0,0
BRDA:452,33,1,0
BRDA:479,34,0,0
BRDA:479,34,1,0
BRDA:487,35,0,0
BRDA:487,35,1,0
BRDA:488,36,0,0
BRDA:488,36,1,0
BRF:74
BRH:0
end_of_record
TN:
SF:services\itemService.js
FN:6,calculateItemStats
FN:13,(anonymous_1)
FN:14,(anonymous_2)
FN:24,filterItemsByCategory
FN:33,(anonymous_4)
FNF:5
FNH:5
FNDA:2,calculateItemStats
FNDA:3,(anonymous_1)
FNDA:3,(anonymous_2)
FNDA:3,filterItemsByCategory
FNDA:6,(anonymous_4)
DA:7,2
DA:8,0
DA:11,2
DA:13,3
DA:14,3
DA:25,3
DA:26,0
DA:29,3
DA:30,1
DA:33,6
DA:36,1
LF:11
LH:9
BRDA:7,0,0,0
BRDA:7,0,1,2
BRDA:25,1,0,0
BRDA:25,1,1,3
BRDA:29,2,0,1
BRDA:29,2,1,2
BRDA:29,3,0,3
BRDA:29,3,1,3
BRF:8
BRH:6
end_of_record
TN:
SF:utils\email.js
FN:4,(anonymous_0)
FN:17,(anonymous_1)
FN:51,(anonymous_2)
FN:88,(anonymous_3)
FN:112,(anonymous_4)
FNF:5
FNH:2
FNDA:1,(anonymous_0)
FNDA:0,(anonymous_1)
FNDA:1,(anonymous_2)
FNDA:0,(anonymous_3)
FNDA:0,(anonymous_4)
DA:1,3
DA:4,3
DA:5,1
DA:17,3
DA:18,0
DA:20,0
DA:47,0
DA:51,3
DA:52,1
DA:54,0
DA:84,0
DA:88,3
DA:89,0
DA:91,0
DA:108,0
DA:112,3
DA:113,0
DA:119,0
DA:122,3
LF:19
LH:9
BRF:0
BRH:0
end_of_record
TN:
SF:utils\sum.js
FN:11,sum
FNF:1
FNH:1
FNDA:9,sum
DA:13,9
DA:14,2
DA:18,7
DA:19,4
DA:23,3
DA:24,0
DA:27,3
DA:30,1
LF:8
LH:7
BRDA:13,0,0,2
BRDA:13,0,1,7
BRDA:18,1,0,4
BRDA:18,1,1,3
BRDA:18,2,0,7
BRDA:18,2,1,4
BRDA:23,3,0,0
BRDA:23,3,1,3
BRDA:23,4,0,3
BRDA:23,4,1,3
BRF:10
BRH:9
end_of_record
TN:
SF:utils\validators.js
FN:6,validateEmail
FN:20,validatePhone
FN:34,validatePassword
FNF:3
FNH:3
FNDA:8,validateEmail
FNDA:5,validatePhone
FNDA:6,validatePassword
DA:7,8
DA:8,3
DA:11,5
DA:12,5
DA:21,5
DA:22,1
DA:25,4
DA:26,4
DA:35,6
DA:36,2
DA:39,4
DA:42,1
LF:12
LH:12
BRDA:7,0,0,3
BRDA:7,0,1,5
BRDA:7,1,0,8
BRDA:7,1,1,5
BRDA:21,2,0,1
BRDA:21,2,1,4
BRDA:21,3,0,5
BRDA:21,3,1,4
BRDA:35,4,0,2
BRDA:35,4,1,4
BRDA:35,5,0,6
BRDA:35,5,1,4
BRF:12
BRH:12
end_of_record
