TN:
SF:services\itemService.js
FN:6,calculateItemStats
FN:13,(anonymous_1)
FN:14,(anonymous_2)
FN:24,filterItemsByCategory
FN:33,(anonymous_4)
FNF:5
FNH:5
FNDA:2,calculateItemStats
FNDA:3,(anonymous_1)
FNDA:3,(anonymous_2)
FNDA:3,filterItemsByCategory
FNDA:6,(anonymous_4)
DA:7,2
DA:8,0
DA:11,2
DA:13,3
DA:14,3
DA:25,3
DA:26,0
DA:29,3
DA:30,1
DA:33,6
DA:36,1
LF:11
LH:9
BRDA:7,0,0,0
BRDA:7,0,1,2
BRDA:25,1,0,0
BRDA:25,1,1,3
BRDA:29,2,0,1
BRDA:29,2,1,2
BRDA:29,3,0,3
BRDA:29,3,1,3
BRF:8
BRH:6
end_of_record
TN:
SF:utils\sum.js
FN:11,sum
FNF:1
FNH:1
FNDA:9,sum
DA:13,9
DA:14,2
DA:18,7
DA:19,4
DA:23,3
DA:24,0
DA:27,3
DA:30,1
LF:8
LH:7
BRDA:13,0,0,2
BRDA:13,0,1,7
BRDA:18,1,0,4
BRDA:18,1,1,3
BRDA:18,2,0,7
BRDA:18,2,1,4
BRDA:23,3,0,0
BRDA:23,3,1,3
BRDA:23,4,0,3
BRDA:23,4,1,3
BRF:10
BRH:9
end_of_record
TN:
SF:utils\validators.js
FN:6,validateEmail
FN:20,validatePhone
FN:34,validatePassword
FNF:3
FNH:3
FNDA:8,validateEmail
FNDA:5,validatePhone
FNDA:6,validatePassword
DA:7,8
DA:8,3
DA:11,5
DA:12,5
DA:21,5
DA:22,1
DA:25,4
DA:26,4
DA:35,6
DA:36,2
DA:39,4
DA:42,1
LF:12
LH:12
BRDA:7,0,0,3
BRDA:7,0,1,5
BRDA:7,1,0,8
BRDA:7,1,1,5
BRDA:21,2,0,1
BRDA:21,2,1,4
BRDA:21,3,0,5
BRDA:21,3,1,4
BRDA:35,4,0,2
BRDA:35,4,1,4
BRDA:35,5,0,6
BRDA:35,5,1,4
BRF:12
BRH:12
end_of_record
